6
258
2.40065			3.65995
2.36294			3.7449
2.32686			3.83882
2.29591			3.93715
2.26387			4.09336
2.25439			4.24914
2.26846			4.40432
2.2981			4.52887
2.34587			4.64763
2.41371			4.75529
2.48531			4.83202
2.56904			4.89586
2.66208			4.94505
2.7843			4.98332
2.91196			4.99793
3.0408			4.98966
3.22309			4.93873
3.38926			4.84718
3.52984			4.72164
3.65051			4.54403
3.72808			4.3415
3.76586			4.12533
3.76938			3.97101
3.75014			3.82021
3.70349			3.6776
3.6597			3.59583
3.60601			3.51948
3.5447			3.44907
3.48892			3.3953
3.42859			3.3468
3.36288			3.30433
3.30673			3.27558
3.24875			3.25261
3.191			3.2369
3.13296			3.22943
3.07177			3.22991
3.00191			3.23714
2.969			3.24162
2.93987			3.24463
2.92095			3.24369
2.93113			3.22086
2.99066			3.17786
3.06363			3.12753
3.13564			3.06624
3.18476			3.00893
3.2266			2.95013
3.27446			2.88407
3.32405			2.81493
3.36825			2.74698
3.40936			2.66615
3.4432			2.57634
3.48189			2.46011
3.49031			2.43564
3.49841			2.41626
3.50529			2.40853
3.51054			2.41762
3.51444			2.43938
3.51798			2.46651
3.54331			2.58113
3.58052			2.66611
3.62629			2.74021
3.68625			2.83005
3.75479			2.9219
3.83358			3.00734
3.92938			3.08284
4.03596			3.13933
4.15072			3.17445
4.24794			3.18582
4.34591			3.18143
4.4417			3.16119
4.5652			3.10836
4.67628			3.03115
4.77217			2.93525
4.83848			2.84532
4.89238			2.74806
4.93379			2.6451
4.96375			2.53357
4.98108			2.41919
4.98675			2.30353
4.98214			2.19495
4.96791			2.08735
4.94389			1.98142
4.89978			1.85258
4.83951			1.73035
4.76247			1.61761
4.65622			1.50627
4.53187			1.41559
4.39312			1.35069
4.28535			1.32254
4.17437			1.31245
4.06262			1.32212
3.97217			1.3454
3.88636			1.3799
3.80869			1.42232
3.7272			1.48362
3.65648			1.56439
3.58962			1.67711
3.57619			1.70375
3.56397			1.72537
3.55429			1.73515
3.54647			1.72164
3.54311			1.68591
3.54117			1.64174
3.52915			1.53519
3.50935			1.45341
3.487			1.37763
3.46737			1.30132
3.44507			1.22081
3.41517			1.14254
3.40455			1.12105
3.39394			1.09976
3.38438			1.07815
3.36913			1.02733
3.35776			0.97493
3.34352			0.923564
3.32679			0.885404
3.3058			0.849064
3.28219			0.814107
3.24203			0.760302
3.19939			0.708838
3.15429			0.659633
3.09492			0.602176
3.03065			0.550047
2.96036			0.505244
2.87047			0.461801
2.78206			0.418017
2.70651			0.360596
2.67931			0.32754
2.65465			0.291373
2.63021			0.25438
2.5716			0.179631
2.50369			0.114363
2.42681			0.0613437
2.3611			0.0300397
2.29139			0.00764734
2.21891			-0.00604317
2.15088			-0.0108596
2.08331			-0.00697505
2.01797			0.00710201
1.94622			0.0369644
1.8782			0.0766553
1.81222			0.120124
1.7128			0.18511
1.61599			0.25328
1.52361			0.333124
1.50767			0.34874
1.49109			0.362484
1.47305			0.371849
1.4532			0.375181
1.43192			0.374348
1.41002			0.37193
1.29117			0.37269
1.17685			0.395124
1.06555			0.430363
0.932538			0.480649
0.802822			0.538296
0.677441			0.604831
0.596138			0.655392
0.518393			0.711167
0.445327			0.772655
0.379039			0.839026
0.31874			0.911139
0.264813			0.988737
0.211204			1.08544
0.170985			1.18793
0.148403			1.29494
0.144629			1.35199
0.14493			1.40916
0.147436			1.46569
0.149752			1.50126
0.15425			1.53699
0.162979			1.5736
0.166408			1.58474
0.168627			1.59562
0.167865			1.60581
0.164731			1.61255
0.160012			1.61892
0.154589			1.62515
0.112762			1.6819
0.0810925			1.7424
0.0561911			1.80569
0.0356898			1.87021
0.0199756			1.93633
0.0105292			2.00388
0.00856621			2.04951
0.0112155			2.09488
0.0196448			2.13918
0.0367357			2.18643
0.060822			2.23106
0.0902699			2.27279
0.121262			2.30846
0.155978			2.34001
0.194931			2.36608
0.219492			2.37801
0.245239			2.38684
0.271774			2.39175
0.310948			2.391
0.349763			2.38224
0.387041			2.36744
0.429993			2.34296
0.468669			2.31268
0.503021			2.27709
0.528956			2.2425
0.550048			2.20515
0.564726			2.16586
0.572067			2.13026
0.578034			2.09375
0.587432			2.0563
0.594284			2.03901
0.603436			2.02375
0.615427			2.01277
0.627191			2.00819
0.640771			2.00644
0.655869			2.00627
0.661744			2.00648
0.667017			2.00734
0.670915			2.00948
0.673056			2.01404
0.673299			2.02024
0.672627			2.02719
0.667682			2.08589
0.666352			2.13794
0.667042			2.18828
0.668404			2.2365
0.670777			2.28628
0.674811			2.33647
0.686793			2.42093
0.704975			2.5035
0.72879			2.58446
0.744165			2.62853
0.761164			2.67205
0.779868			2.71487
0.8225			2.79815
0.871305			2.87807
0.925294			2.9547
0.991274			3.03692
1.06269			3.11437
1.13966			3.18638
1.2466			3.27005
1.36112			3.3431
1.48142			3.40501
1.59306			3.45055
1.70875			3.48605
1.82935			3.51088
1.96278			3.52549
2.09463			3.53024
2.21675			3.5281
2.30643			3.52169
2.40267			3.50406
2.52366			3.46649
2.53718			3.46166
2.54815			3.45836
2.55358			3.4584
2.55115			3.46341
2.5426			3.47215
2.53136			3.48259
2.46955			3.54715
2.42984			3.60369

438
0.710987			2.16084
0.697716			2.09554
0.691119			2.03216
0.715782			1.99653
0.723914			1.99502
0.732656			1.99416
0.741256			1.99328
0.754346			1.99037
0.767061			1.98512
0.781583			1.97712
0.792816			1.97055
0.802793			1.96573
0.808461			1.96581
0.808539			1.97045
0.806098			1.97796
0.802708			1.98675
0.792352			2.03349
0.794553			2.07384
0.801203			2.1124
0.806433			2.15937
0.809946			2.20828
0.814936			2.25736
0.821482			2.29485
0.829789			2.33175
0.838771			2.36847
0.85186			2.4223
0.866644			2.47572
0.885692			2.52788
0.896807			2.55178
0.909177			2.57494
0.922534			2.5971
0.946403			2.63152
0.97268			2.66501
1.0018			2.70009
1.03052			2.73276
1.06218			2.75823
1.09713			2.76601
1.11159			2.7622
1.12541			2.75492
1.1374			2.74502
1.15488			2.71571
1.16168			2.68066
1.1632			2.6435
1.16416			2.59093
1.16439			2.54037
1.16288			2.49048
1.15781			2.42864
1.15045			2.36622
1.14265			2.30365
1.13755			2.25843
1.13268			2.21334
1.12753			2.16836
1.11821			2.09995
1.10656			2.03177
1.09207			1.96383
1.08445			1.93293
1.07646			1.90227
1.06847			1.87204
1.05926			1.83854
1.04739			1.80541
1.02976			1.77222
1.02593			1.76621
1.02297			1.76028
1.02205			1.75451
1.02391			1.74903
1.02774			1.7437
1.03236			1.73839
1.04735			1.71805
1.05899			1.69736
1.06915			1.67713
1.08249			1.65175
1.09551			1.6246
1.10715			1.59171
1.10927			1.58387
1.11084			1.57697
1.11142			1.57238
1.10701			1.57546
1.09647			1.5934
1.08343			1.6159
1.06335			1.64408
1.04499			1.66302
1.02715			1.6788
0.998308			1.707
0.967685			1.73918
0.935219			1.77234
0.898199			1.80608
0.86013			1.8353
0.822182			1.85786
0.776096			1.87615
0.725117			1.89439
0.662413			1.92572
0.65029			1.93284
0.640021			1.93724
0.634015			1.93542
0.633247			1.93203
0.633325			1.92751
0.633862			1.92254
0.63693			1.90424
0.640842			1.88803
0.645272			1.87259
0.654341			1.84154
0.66288			1.80909
0.669633			1.77591
0.674095			1.73331
0.673591			1.69081
0.668117			1.64865
0.657756			1.60784
0.641982			1.5688
0.620213			1.53274
0.598441			1.50715
0.573015			1.48533
0.54441			1.4684
0.513699			1.45735
0.481303			1.45165
0.448154			1.45081
0.41209			1.4547
0.376927			1.46225
0.343355			1.47188
0.305737			1.48547
0.269965			1.506
0.234609			1.53968
0.225783			1.55014
0.217241			1.55789
0.209328			1.55904
0.206027			1.5565
0.202968			1.5525
0.200189			1.54778
0.188014			1.50744
0.18977			1.46717
0.197249			1.42697
0.205062			1.37876
0.212067			1.33089
0.221053			1.28357
0.230493			1.24863
0.242219			1.21422
0.255842			1.18044
0.283191			1.12335
0.314693			1.06852
0.349929			1.01601
0.402345			0.949336
0.459905			0.886969
0.521784			0.828935
0.60013			0.765209
0.682336			0.706448
0.767289			0.651429
0.826062			0.615867
0.886047			0.582643
0.947703			0.552937
1.00572			0.529665
1.06514			0.509869
1.12558			0.493108
1.19829			0.476744
1.27174			0.464639
1.34576			0.457386
1.44679			0.456029
1.54772			0.464144
1.64769			0.48116
1.73558			0.50357
1.82124			0.532905
1.90386			0.569425
1.96244			0.601058
2.0189			0.636502
2.07321			0.675522
2.13377			0.725622
2.18954			0.78072
2.23876			0.841223
2.28472			0.915196
2.3232			0.993858
2.3571			1.07464
2.37702			1.12538
2.39542			1.17666
2.41146			1.22921
2.42044			1.26535
2.42752			1.30158
2.43226			1.33711
2.43483			1.37081
2.43812			1.40545
2.44553			1.4434
2.4477			1.45191
2.44876			1.45973
2.4473			1.46595
2.44159			1.47026
2.43295			1.47257
2.42339			1.47404
2.39655			1.48016
2.37224			1.48705
2.34106			1.49186
2.32055			1.49291
2.30346			1.49406
2.29759			1.49675
2.30234			1.49968
2.3118			1.50312
2.32322			1.50638
2.35947			1.51234
2.39016			1.51205
2.41931			1.50948
2.46164			1.50723
2.50599			1.50459
2.54973			1.49804
2.58884			1.4858
2.62626			1.46855
2.66319			1.44796
2.70547			1.42201
2.74491			1.39399
2.77775			1.36405
2.79868			1.33689
2.81755			1.3044
2.83957			1.26248
2.84658			1.24904
2.85178			1.23776
2.85271			1.23186
2.84676			1.23417
2.83572			1.2431
2.82296			1.25445
2.7998			1.2747
2.78099			1.29072
2.76355			1.30607
2.73308			1.33406
2.698			1.35985
2.65781			1.37387
2.65318			1.37425
2.64863			1.37429
2.6443			1.37388
2.62322			1.35825
2.61279			1.32706
2.60728			1.29017
2.59744			1.22935
2.58819			1.17619
2.5828			1.12428
2.58248			1.09383
2.5838			1.06246
2.58619			1.03085
2.59112			0.980538
2.59673			0.930784
2.60241			0.881026
2.61106			0.785784
2.61266			0.690184
2.60201			0.595911
2.59079			0.55029
2.57564			0.505659
2.5569			0.462271
2.5257			0.405014
2.4885			0.351578
2.44545			0.302943
2.41443			0.27439
2.38109			0.248564
2.34548			0.225752
2.30276			0.204096
2.25785			0.187695
2.21134			0.1776
2.15251			0.174829
2.09358			0.181844
2.03599			0.197156
1.9733			0.222619
1.91339			0.253404
1.85546			0.285983
1.80872			0.312727
1.763			0.342519
1.71851			0.379587
1.70811			0.389617
1.69773			0.398338
1.68728			0.40379
1.67034			0.40338
1.65098			0.396463
1.62708			0.38937
1.60427			0.386702
1.58504			0.384662
1.57745			0.379769
1.5814			0.373994
1.59025			0.366686
1.60121			0.358797
1.64247			0.328488
1.67633			0.302418
1.7083			0.278118
1.75277			0.246814
1.80109			0.2153
1.85125			0.184507
1.92253			0.144099
1.99512			0.10978
2.07067			0.0843536
2.10267			0.0771877
2.13521			0.0722278
2.16804			0.0697309
2.20027			0.0698672
2.23238			0.0725365
2.26418			0.0776612
2.30024			0.0865062
2.33547			0.0983333
2.36965			0.112964
2.40876			0.13372
2.44607			0.157522
2.48155			0.183696
2.53552			0.230041
2.58611			0.280558
2.63492			0.334915
2.67182			0.37912
2.70581			0.424088
2.73406			0.468486
2.75007			0.499011
2.76796			0.531358
2.79378			0.56828
2.79926			0.574997
2.80416			0.58035
2.80746			0.58276
2.80791			0.577908
2.80384			0.565437
2.79807			0.550555
2.78631			0.520806
2.77714			0.497926
2.76559			0.470056
2.76033			0.457077
2.7568			0.445626
2.75773			0.439461
2.76298			0.440194
2.7711			0.444637
2.78037			0.450707
2.81394			0.472662
2.84151			0.490323
2.86658			0.506975
2.92065			0.547508
2.97657			0.594717
3.03181			0.645293
3.09819			0.71103
3.1591			0.778976
3.21435			0.851243
3.26498			0.932479
3.30609			1.01932
3.3345			1.11043
3.34406			1.16352
3.34978			1.2173
3.35292			1.27149
3.35437			1.3407
3.35144			1.40961
3.34187			1.47769
3.3204			1.55429
3.28796			1.62738
3.24542			1.69527
3.20846			1.74051
3.16684			1.78115
3.1208			1.81625
3.05847			1.85108
2.99165			1.87752
2.92216			1.89704
2.85912			1.90959
2.79562			1.91733
2.73184			1.91984
2.66885			1.91693
2.60612			1.90924
2.54399			1.89753
2.471			1.87901
2.39959			1.85517
2.33002			1.82532
2.26738			1.79211
2.20721			1.75544
2.15015			1.71762
2.09811			1.68057
2.04807			1.63779
1.99847			1.58251
1.99496			1.57801
1.9918			1.57404
1.98933			1.57125
1.98843			1.57519
1.99748			1.59573
2.01096			1.62276
2.05435			1.69935
2.08846			1.74921
2.11802			1.79176
2.15826			1.86533
2.19731			1.9532
2.23361			2.04612
2.26889			2.14555
2.29941			2.2424
2.32564			2.33917
2.35485			2.4728
2.37701			2.60957
2.39204			2.74824
2.39886			2.86733
2.39842			2.98582
2.38876			3.10262
2.376			3.1793
2.35649			3.25536
2.32846			3.33144
2.30032			3.38815
2.26447			3.43789
2.21909			3.47333
2.171			3.48844
2.11784			3.49175
2.06319			3.48803
2.00121			3.47967
1.94167			3.46719
1.88415			3.4496
1.82286			3.42356
1.76384			3.3911
1.70742			3.35318
1.62429			3.28511
1.54693			3.21182
1.47376			3.13924
1.43918			3.10472
1.40632			3.06632
1.37627			3.01855
1.37335			3.01286
1.37071			3.00777
1.3686			3.00406
1.36717			3.009
1.37424			3.03678
1.38441			3.0717
1.39755			3.11681
1.40411			3.15046
1.40376			3.18443
1.39969			3.21025
1.39213			3.23526
1.38057			3.25373
1.33952			3.25635
1.28711			3.22057
1.23553			3.17176
1.20543			3.14173
1.17898			3.11521
1.15351			3.08971
1.12462			3.06088
1.09487			3.03072
1.0654			2.99962
1.02351			2.95184
0.9845			2.90257
0.948077			2.85158
0.92152			2.81078
0.896469			2.7689
0.873046			2.72603
0.842619			2.66349
0.815443			2.59951
0.791225			2.53445
0.772264			2.47675
0.755506			2.41831
0.74111			2.35893
0.729493			2.30023
0.720284			2.24141
0.713506			2.18339
0.712796			2.17606
0.711998			2.1686

60
1.34501			1.65423
1.33301			1.65624
1.32141			1.66077
1.31065			1.66716
1.28403			1.69469
1.26582			1.72951
1.25181			1.7671
1.24251			1.79314
1.23366			1.81877
1.22572			1.84446
1.21093			1.91324
1.20343			1.98405
1.20122			2.05551
1.20206			2.11214
1.2048			2.16846
1.20924			2.22463
1.21494			2.27803
1.22243			2.33124
1.23215			2.38407
1.24887			2.45286
1.26983			2.52052
1.29459			2.58696
1.32171			2.64944
1.35232			2.71023
1.3868			2.76886
1.41209			2.80657
1.43909			2.84307
1.46765			2.87829
1.50553			2.91979
1.54812			2.95659
1.59799			2.98605
1.61764			2.99387
1.63752			2.99831
1.65665			2.99725
1.67488			2.98879
1.69084			2.97451
1.7042			2.95692
1.72857			2.89598
1.73359			2.83044
1.72891			2.76359
1.72264			2.69978
1.71563			2.63718
1.70715			2.57515
1.69324			2.49464
1.67686			2.41409
1.65925			2.33359
1.64066			2.2508
1.62064			2.16855
1.59779			2.08721
1.58177			2.03757
1.56453			1.98824
1.5465			1.93908
1.52072			1.87216
1.49175			1.80672
1.45714			1.74429
1.43824			1.71686
1.41635			1.69175
1.39022			1.67028
1.37588			1.66186
1.36067			1.65603

60
0.879919			1.91739
0.896339			1.9035
0.910289			1.89063
0.920054			1.88512
0.925074			1.8972
0.923622			1.92512
0.920918			1.95761
0.921398			1.9892
0.925306			2.01545
0.930901			2.03975
0.938757			2.07093
0.950362			2.10303
0.969551			2.13473
0.986137			2.15269
1.00459			2.16546
1.02248			2.16849
1.03377			2.16266
1.04362			2.15091
1.05209			2.13463
1.05595			2.12524
1.05939			2.11745
1.06234			2.11367
1.06565			2.118
1.06816			2.13039
1.07023			2.14588
1.07512			2.18103
1.07944			2.20829
1.08327			2.23285
1.09168			2.30592
1.0983			2.38651
1.10405			2.46478
1.10846			2.51866
1.11385			2.57427
1.12114			2.64034
1.12472			2.67555
1.12451			2.70594
1.11612			2.7225
1.09821			2.7198
1.0743			2.70399
1.04961			2.68231
1.01408			2.64414
0.988184			2.60753
0.967229			2.56966
0.952166			2.53873
0.937643			2.50626
0.924058			2.47307
0.908145			2.42945
0.894216			2.38556
0.881965			2.34103
0.866593			2.27348
0.855395			2.20529
0.849533			2.13811
0.848567			2.09114
0.847217			2.04309
0.841784			1.99154
0.839037			1.9743
0.838014			1.95816
0.841227			1.94482
0.850545			1.9351
0.864286			1.92697

69
1.29535			1.76866
1.29954			1.76044
1.30366			1.75348
1.30712			1.74931
1.31129			1.75623
1.31076			1.78036
1.30933			1.80891
1.30977			1.82917
1.3117			1.84554
1.31445			1.86045
1.32283			1.90335
1.33234			1.94962
1.34308			1.99572
1.35352			2.03267
1.36683			2.06861
1.3849			2.10521
1.40398			2.13465
1.42764			2.15767
1.45616			2.16632
1.46867			2.1642
1.48058			2.15916
1.49051			2.15178
1.49924			2.1388
1.50383			2.12265
1.50644			2.10344
1.50812			2.0913
1.51147			2.08116
1.51812			2.07604
1.52213			2.07603
1.52636			2.07718
1.53016			2.07925
1.53598			2.08819
1.537			2.10016
1.53657			2.11306
1.53798			2.12915
1.54156			2.14394
1.54611			2.15815
1.56381			2.21924
1.579			2.28235
1.59337			2.34656
1.61484			2.43871
1.63683			2.52945
1.65813			2.61709
1.67326			2.68538
1.68265			2.75724
1.68179			2.83936
1.67537			2.88764
1.66292			2.92912
1.64261			2.95217
1.609			2.9464
1.56908			2.91628
1.52916			2.8766
1.48582			2.82982
1.45047			2.78646
1.42099			2.74143
1.40178			2.70471
1.38401			2.66564
1.36709			2.62552
1.33644			2.5501
1.30882			2.47474
1.28634			2.3985
1.26795			2.30306
1.25843			2.20524
1.25584			2.10537
1.25773			2.02077
1.26284			1.9377
1.27091			1.8589
1.27513			1.8304
1.28239			1.80096

63
2.00424			0.303511
2.00124			0.294326
1.99929			0.285465
1.99943			0.277744
2.01094			0.266219
2.03326			0.26166
2.05925			0.259948
2.09708			0.25589
2.12964			0.250761
2.16115			0.24693
2.19643			0.246574
2.2328			0.251083
2.26787			0.26129
2.29404			0.273915
2.31887			0.288989
2.34342			0.304685
2.36595			0.318248
2.38837			0.331842
2.40995			0.346481
2.44003			0.37244
2.46641			0.402654
2.48906			0.436585
2.51769			0.497291
2.53645			0.560831
2.54529			0.621757
2.54563			0.674894
2.54401			0.732271
2.54748			0.805388
2.54942			0.826201
2.54909			0.843095
2.54352			0.850496
2.53764			0.849048
2.53031			0.84482
2.52237			0.839247
2.46653			0.795698
2.42201			0.753669
2.38426			0.708948
2.35265			0.663598
2.32225			0.614639
2.29249			0.564093
2.2716			0.527523
2.25367			0.490264
2.24162			0.451401
2.23748			0.426652
2.23181			0.402114
2.21975			0.378942
2.21719			0.375789
2.21459			0.373003
2.21215			0.370898
2.20382			0.37719
2.20497			0.405807
2.21147			0.440164
2.21863			0.465789
2.22276			0.485916
2.21974			0.504586
2.21731			0.509666
2.2143			0.514607
2.21091			0.519095
2.16373			0.52488
2.10855			0.476419
2.05955			0.411365
2.03653			0.375098
2.01912			0.34131

