10
518
4.05119			3.95861
4.06357			3.96858
4.07424			3.98198
4.08388			3.99785
4.09318			4.01522
4.10283			4.03315
4.11352			4.05066
4.12593			4.06681
4.14508			4.08431
4.16728			4.0978
4.1916			4.10711
4.21711			4.11208
4.24288			4.11252
4.268			4.10826
4.29154			4.09913
4.31237			4.08534
4.33029			4.06751
4.34483			4.04647
4.35554			4.02309
4.36195			3.99823
4.36358			3.97273
4.35998			3.94746
4.35398			3.92966
4.34588			3.91252
4.3366			3.8961
4.32704			3.88049
4.31811			3.86575
4.31074			3.85197
4.30584			3.83923
4.31067			3.8059
4.34143			3.78007
4.39088			3.75833
4.45178			3.73726
4.51689			3.71345
4.57896			3.6835
4.63077			3.64398
4.6476			3.62442
4.66226			3.6038
4.67556			3.58327
4.68828			3.56397
4.70122			3.54702
4.71516			3.53358
4.73089			3.52477
4.7515			3.52119
4.77473			3.52285
4.79989			3.52762
4.82631			3.53338
4.8533			3.53802
4.88019			3.5394
4.90628			3.53541
4.92096			3.52983
4.93473			3.52196
4.94722			3.51213
4.95804			3.50066
4.96679			3.48786
4.97309			3.47405
4.97656			3.45954
4.97697			3.44562
4.9748			3.43169
4.97027			3.41807
4.96361			3.40506
4.95506			3.393
4.94487			3.38219
4.93325			3.37296
4.9228			3.36668
4.91186			3.36142
4.90072			3.35688
4.8897			3.35281
4.87909			3.34891
4.86921			3.34492
4.86035			3.34055
4.83578			3.31317
4.83332			3.27467
4.83837			3.25792
4.79853			3.33245
4.74946			3.40544
4.69379			3.47431
4.63272			3.53919
4.56744			3.60021
4.49915			3.65749
4.43369			3.7075
4.36644			3.75402
4.29716			3.79669
4.22564			3.83516
4.15165			3.86906
4.07497			3.89804
3.99539			3.92174
3.9387			3.93475
3.88114			3.94447
3.82334			3.95027
3.76593			3.95154
3.70954			3.94769
3.65479			3.93809
3.60231			3.92215
3.53754			3.89094
3.47785			3.84919
3.42334			3.79844
3.37406			3.74019
3.3301			3.67597
3.29152			3.6073
3.2584			3.53571
3.2126			3.40286
3.18456			3.26712
3.17406			3.13017
3.18085			2.99368
3.20471			2.85935
3.24541			2.72884
3.3027			2.60384
3.35151			2.5221
3.40753			2.445
3.47024			2.37378
3.53909			2.30969
3.61357			2.25397
3.69316			2.20785
3.77732			2.17259
3.86511			2.14918
3.95581			2.13713
4.04832			2.13579
4.14152			2.14453
4.2343			2.16269
4.32557			2.18962
4.4142			2.22468
4.48936			2.26192
4.56078			2.30488
4.62764			2.35348
4.68914			2.40762
4.74444			2.46719
4.79272			2.5321
4.83317			2.60225
4.86553			2.67854
4.88896			2.75881
4.90345			2.84174
4.90902			2.92601
4.90566			3.01029
4.89336			3.09327
4.87213			3.17361
4.86698			3.18661
4.87331			3.1733
4.90506			3.11491
4.93749			3.05437
4.96526			2.99394
4.98601			2.92716
4.99504			2.86331
4.99377			2.80222
4.98363			2.74374
4.96601			2.68773
4.94236			2.63404
4.91407			2.58251
4.88814			2.54154
4.8601			2.5019
4.83006			2.46358
4.79808			2.42655
4.76426			2.39077
4.72868			2.35622
4.69143			2.32286
4.6409			2.28152
4.58813			2.24271
4.53352			2.20701
4.4775			2.17498
4.42046			2.14721
4.36283			2.12425
4.30502			2.1067
4.26886			2.09852
4.23246			2.09167
4.19551			2.08514
4.15767			2.07792
4.11862			2.069
4.07804			2.05736
4.0356			2.04201
4.02079			2.03582
4.0062			2.02929
3.99225			2.02262
3.97942			2.01604
3.96816			2.00973
3.95891			2.00391
3.95213			1.99878
3.94925			1.98779
3.97208			1.98446
4.01461			1.98668
4.07082			1.99237
4.13471			1.99943
4.20026			2.00577
4.26144			2.00929
4.2874			2.00937
4.31121			2.00817
4.33307			2.00551
4.35317			2.0012
4.3717			1.99507
4.38888			1.98695
4.40488			1.97665
4.41864			1.96524
4.43159			1.95209
4.44375			1.93744
4.45512			1.9215
4.46573			1.90451
4.47557			1.8867
4.48467			1.86829
4.50071			1.83
4.51331			1.79073
4.52201			1.751
4.52637			1.7113
4.52595			1.67215
4.52031			1.63407
4.509			1.59755
4.49658			1.5714
4.48109			1.54654
4.46293			1.52311
4.44248			1.50123
4.42015			1.48102
4.39633			1.4626
4.3714			1.4461
4.32761			1.42264
4.2821			1.40402
4.23518			1.38925
4.18715			1.37735
4.1383			1.36733
4.08895			1.35821
4.03939			1.34899
4.01199			1.34353
3.9847			1.33777
3.95761			1.33175
3.9308			1.32552
3.90436			1.3191
3.87837			1.31254
3.8529			1.30587
3.81628			1.29597
3.7801			1.28644
3.74343			1.27781
3.70537			1.27061
3.66501			1.26536
3.62142			1.2626
3.57371			1.26285
3.55103			1.26393
3.52835			1.26493
3.50665			1.26507
3.48692			1.26357
3.47017			1.25963
3.45739			1.25247
3.44956			1.24132
3.44739			1.23106
3.4472			1.21913
3.4482			1.20609
3.44954			1.19255
3.45041			1.17908
3.44999			1.16627
3.44746			1.1547
3.43623			1.13809
3.41809			1.12587
3.39554			1.11657
3.3711			1.10872
3.34731			1.10083
3.32667			1.09143
3.3117			1.07904
3.3044			1.06298
3.30399			1.04373
3.30945			1.02239
3.3198			1.00007
3.33402			0.977863
3.35112			0.956876
3.3701			0.93821
3.40714			0.912435
3.44632			0.896804
3.4869			0.890067
3.52811			0.890976
3.5692			0.898283
3.60941			0.910738
3.64798			0.927093
3.69292			0.951174
3.73516			0.978088
3.7757			1.00657
3.81554			1.03535
3.85568			1.06318
3.89713			1.08877
3.94089			1.11087
3.99546			1.13076
4.05316			1.14396
4.11268			1.15017
4.17269			1.14912
4.23186			1.14054
4.28887			1.12413
4.34239			1.09962
4.39594			1.06325
4.44322			1.01831
4.48378			0.966367
4.51719			0.90902
4.54301			0.847853
4.56081			0.784449
4.57014			0.720396
4.57105			0.66244
4.56516			0.605292
4.5531			0.54898
4.5355			0.493531
4.51299			0.438972
4.48621			0.38533
4.45579			0.332633
4.41911			0.276562
4.37887			0.22304
4.33507			0.173465
4.28771			0.129235
4.23682			0.0917447
4.18238			0.0623929
4.12442			0.0425762
4.09608			0.0368381
4.06714			0.0328701
4.03777			0.0300424
4.00816			0.0277251
3.97848			0.0252883
3.9489			0.0221022
3.9196			0.0175367
3.89323			0.0117891
3.86715			0.00481621
3.84127			-0.00293486
3.81553			-0.011017
3.78982			-0.0189832
3.76407			-0.0263863
3.7382			-0.0327793
3.6797			-0.0422181
3.62035			-0.0459269
3.56034			-0.0454434
3.49987			-0.0423055
3.43916			-0.0380508
3.37839			-0.0342172
3.31777			-0.0323425
3.26242			-0.0333328
3.2073			-0.0364834
3.15234			-0.0410102
3.09747			-0.0461288
3.04264			-0.0510553
2.98776			-0.0550053
2.93278			-0.0571947
2.86559			-0.0566778
2.7983			-0.0529543
2.73105			-0.0465947
2.66399			-0.0381695
2.59729			-0.0282491
2.53108			-0.017404
2.46553			-0.00620474
2.36244			0.011557
2.26051			0.0299246
2.15884			0.0500543
2.05655			0.0731023
1.95276			0.100225
1.84657			0.132578
1.73708			0.171318
1.62176			0.217308
1.50468			0.264718
1.38843			0.307126
1.27559			0.338115
1.16874			0.351264
1.07048			0.340153
0.983389			0.298362
0.953594			0.273401
0.925031			0.244604
0.896947			0.2135
0.868584			0.181616
0.83919			0.15048
0.808008			0.121619
0.774283			0.0965615
0.740486			0.0779459
0.704428			0.063816
0.666647			0.0541292
0.627684			0.0488427
0.588079			0.0479139
0.548371			0.0513001
0.509099			0.0589587
0.476503			0.0687737
0.445044			0.0815276
0.415156			0.0971069
0.387271			0.115399
0.361823			0.13629
0.339245			0.159667
0.31997			0.185416
0.30737			0.207075
0.296554			0.22982
0.287027			0.253361
0.278292			0.277404
0.269854			0.301658
0.261215			0.325829
0.251879			0.349627
0.234511			0.386917
0.214894			0.422966
0.193908			0.458278
0.172432			0.493361
0.151346			0.52872
0.131529			0.564862
0.113861			0.602293
0.0913951			0.666487
0.0769254			0.733955
0.0704713			0.80324
0.0720519			0.872888
0.0816864			0.941442
0.0993943			1.00745
0.125195			1.06945
0.166092			1.13686
0.215703			1.19842
0.271205			1.25606
0.329774			1.31169
0.388589			1.36723
0.444827			1.4246
0.495664			1.48573
0.533911			1.5431
0.567528			1.60365
0.598118			1.66626
0.627286			1.7298
0.656635			1.79314
0.687771			1.85518
0.722296			1.91478
0.756247			1.96423
0.793412			2.01142
0.833185			2.05684
0.874959			2.10095
0.918128			2.14422
0.962088			2.18713
1.00623			2.23014
1.03453			2.25815
1.06249			2.28641
1.08994			2.31494
1.11671			2.34374
1.14264			2.37284
1.16756			2.40224
1.19131			2.43196
1.22396			2.47607
1.25515			2.52073
1.28631			2.56581
1.31887			2.61116
1.35426			2.65664
1.3939			2.70208
1.43921			2.74736
1.50473			2.80365
1.57519			2.85913
1.6444			2.91347
1.70614			2.96636
1.7542			3.01749
1.78237			3.06652
1.78443			3.11316
1.76829			3.14377
1.73977			3.17359
1.70179			3.20311
1.65724			3.23283
1.60905			3.26324
1.56012			3.29482
1.51336			3.32808
1.46744			3.36684
1.42734			3.40802
1.3928			3.45143
1.36353			3.49691
1.33929			3.54428
1.3198			3.59335
1.3048			3.64395
1.29209			3.70831
1.28541			3.77425
1.28436			3.8413
1.28852			3.90899
1.29748			3.97683
1.31083			4.04436
1.32815			4.11109
1.34248			4.15703
1.3588			4.20202
1.37739			4.24574
1.39847			4.28785
1.42233			4.32804
1.4492			4.36598
1.47934			4.40134
1.50859			4.43
1.54023			4.45639
1.57395			4.48045
1.60943			4.50215
1.64635			4.52144
1.6844			4.53827
1.72325			4.5526
1.74859			4.56051
1.77412			4.56744
1.79983			4.57347
1.82572			4.5787
1.85177			4.58319
1.87799			4.58702
1.90435			4.59029
1.95958			4.59543
2.01514			4.59815
2.07075			4.59813
2.12613			4.59508
2.18101			4.58869
2.2351			4.57864
2.28813			4.56464
2.34118			4.54592
2.39263			4.52289
2.44229			4.49574
2.48997			4.46466
2.53548			4.42983
2.57864			4.39143
2.61926			4.34965
2.66872			4.29036
2.7151			4.22805
2.76006			4.16519
2.8052			4.10427
2.85217			4.04776
2.9026			3.99814
2.95811			3.95789
3.04102			3.92177
3.13314			3.9031
3.23191			3.89861
3.33481			3.90503
3.43928			3.9191
3.54279			3.93757
3.6428			3.95718
3.68114			3.9645
3.71895			3.97092
3.75666			3.97584
3.79468			3.9787
3.83345			3.97892
3.87338			3.97592
3.91492			3.96912
3.93641			3.96426
3.95796			3.95912
3.97914			3.95455
3.99949			3.95138
4.01858			3.95045
4.03596			3.95258

112
1.77879			2.90894
1.74609			2.90749
1.7068			2.88883
1.66285			2.8563
1.61615			2.81328
1.56863			2.76313
1.52219			2.7092
1.47875			2.65487
1.43851			2.6012
1.40227			2.55037
1.36879			2.50207
1.33682			2.456
1.30511			2.41185
1.2724			2.36931
1.23746			2.32806
1.1932			2.28158
1.14572			2.23574
1.09641			2.18985
1.04671			2.14325
0.998048			2.09523
0.951838			2.04513
0.909506			1.99226
0.868413			1.92966
0.833865			1.8633
0.805854			1.79368
0.784377			1.72131
0.769428			1.6467
0.761002			1.57034
0.759094			1.49274
0.765091			1.40156
0.779946			1.31108
0.803667			1.22303
0.836267			1.13911
0.877755			1.06103
0.928141			0.990501
0.987436			0.929236
1.05845			0.876605
1.13752			0.834908
1.22302			0.80316
1.31334			0.780377
1.40685			0.765577
1.50191			0.757775
1.59691			0.755989
1.69918			0.759946
1.7995			0.769753
1.89796			0.785241
1.99462			0.806242
2.08956			0.832589
2.18286			0.864112
2.2746			0.900644
2.34506			0.932244
2.41503			0.965451
2.48495			0.998935
2.55521			1.03137
2.62625			1.06142
2.69848			1.08777
2.77232			1.10908
2.79059			1.11335
2.80896			1.11717
2.82745			1.12047
2.84604			1.12318
2.86474			1.12524
2.88353			1.12658
2.90241			1.12712
2.9437			1.12556
2.98517			1.12132
3.02659			1.11578
3.06773			1.11035
3.10836			1.10642
3.14826			1.10539
3.18719			1.10865
3.22239			1.11652
3.25661			1.12891
3.28992			1.14542
3.32238			1.16566
3.35404			1.18922
3.38497			1.2157
3.41522			1.24469
3.45556			1.28797
3.49305			1.33418
3.526			1.38224
3.55273			1.43109
3.57155			1.47964
3.58078			1.52683
3.57873			1.57158
3.56097			1.61927
3.52868			1.66276
3.48467			1.70258
3.43178			1.73923
3.37283			1.77324
3.31064			1.80512
3.24804			1.83538
3.13608			1.88892
3.03026			1.93857
2.92826			1.98428
2.82773			2.02601
2.72636			2.06371
2.62182			2.09735
2.51179			2.12687
2.41074			2.14986
2.30781			2.17385
2.20702			2.20302
2.11242			2.24152
2.02804			2.2935
1.95791			2.36313
1.90606			2.45455
1.88242			2.53072
1.866			2.61309
1.85358			2.6957
1.84189			2.77256
1.82769			2.83771
1.80774			2.88516

35
4.38611			2.97092
4.37823			2.94815
4.32518			2.93902
4.24378			2.942
4.15083			2.95552
4.06315			2.97805
4.00526			3.00229
3.95973			3.03214
3.9242			3.06822
3.89633			3.11118
3.87373			3.16166
3.8585			3.20717
3.84763			3.25443
3.84358			3.29999
3.84885			3.34041
3.86591			3.37224
3.8977			3.39341
3.94029			3.40274
3.98895			3.40145
4.03898			3.3908
4.08564			3.37201
4.11872			3.35131
4.14676			3.32665
4.17021			3.29874
4.18952			3.26829
4.20513			3.23603
4.2197			3.19697
4.23303			3.15741
4.24831			3.11835
4.26872			3.08079
4.29745			3.04574
4.31742			3.02794
4.33857			3.01138
4.35859			2.99623
4.3752			2.98269

30
4.43821			2.9217
4.49487			2.93443
4.5652			2.91613
4.63788			2.87313
4.70159			2.81178
4.74501			2.7384
4.7563			2.69675
4.75901			2.65529
4.75351			2.6158
4.74016			2.58007
4.71934			2.54989
4.69178			2.52679
4.65857			2.51033
4.62107			2.49989
4.58064			2.49486
4.53863			2.49463
4.50781			2.49726
4.4781			2.50258
4.45072			2.51103
4.42689			2.52306
4.40782			2.53913
4.39329			2.5618
4.38464			2.58901
4.38044			2.61987
4.3793			2.65345
4.3798			2.68887
4.38178			2.74616
4.38648			2.80192
4.39602			2.85232
4.41255			2.89352

60
4.05722			2.89633
4.07705			2.87941
4.0858			2.84841
4.08803			2.80828
4.08831			2.76398
4.09119			2.72047
4.09909			2.68615
4.11292			2.65661
4.13303			2.63217
4.15975			2.61313
4.19341			2.5998
4.23217			2.59222
4.27231			2.58837
4.30832			2.58628
4.33467			2.58399
4.34586			2.57954
4.33875			2.57182
4.31707			2.56111
4.28542			2.54824
4.24839			2.53406
4.21058			2.5194
4.18281			2.50824
4.15741			2.49898
4.13438			2.49331
4.11371			2.49289
4.09539			2.49943
4.08496			2.50745
4.07455			2.51717
4.06323			2.52691
4.05009			2.53497
4.03423			2.53968
4.01711			2.54016
3.9994			2.53841
3.98356			2.53643
3.97205			2.53622
3.96732			2.53975
3.96853			2.54439
3.97213			2.55067
3.97711			2.55815
3.9825			2.56637
3.98729			2.57489
3.99312			2.59509
3.99179			2.61457
3.98538			2.63349
3.97599			2.65203
3.96571			2.67036
3.95568			2.69002
3.9473			2.70977
3.94083			2.72974
3.93654			2.75007
3.9347			2.77087
3.93564			2.79278
3.93982			2.81456
3.94759			2.83543
3.95932			2.8546
3.97537			2.8713
3.99109			2.88222
4.00844			2.89065
4.02611			2.89612
4.0428			2.89817

35
3.74749			3.00061
3.75552			2.98641
3.75916			2.94428
3.76106			2.88334
3.76386			2.81273
3.7702			2.74155
3.78975			2.65183
3.8233			2.57945
3.87201			2.52397
3.93702			2.48495
4.01952			2.46195
4.10634			2.45386
4.19549			2.45344
4.27455			2.456
4.33109			2.4569
4.35268			2.45144
4.33296			2.4376
4.2811			2.41893
4.20802			2.40061
4.12463			2.38782
4.04183			2.38574
3.96055			2.40064
3.89204			2.43167
3.83469			2.47509
3.7869			2.52716
3.74705			2.58413
3.72756			2.61751
3.71106			2.6524
3.69849			2.68989
3.69079			2.73112
3.68891			2.77719
3.69441			2.83586
3.70591			2.89495
3.72051			2.94705
3.73533			2.98474

40
4.12226			3.15679
4.11182			3.15375
4.10076			3.14381
4.08877			3.13134
4.07556			3.12071
4.05803			3.1151
4.03981			3.11712
4.02239			3.12547
4.00726			3.13884
3.99414			3.15945
3.98807			3.18237
3.99067			3.20459
4.00358			3.22314
4.01404			3.23028
4.02501			3.2363
4.03401			3.24174
4.03853			3.24718
4.03564			3.25423
4.02531			3.2612
4.01028			3.26719
3.99329			3.27131
3.96598			3.27248
3.9424			3.26705
3.92403			3.25625
3.91237			3.24129
3.9092			3.21298
3.92041			3.18119
3.94119			3.14934
3.96673			3.12083
3.99042			3.10056
4.01538			3.08573
4.04293			3.07637
4.07439			3.07255
4.09663			3.07326
4.11778			3.07761
4.1346			3.08693
4.14385			3.10258
4.14428			3.11905
4.1398			3.13617
4.13195			3.15005

24
4.44764			2.87375
4.43384			2.86338
4.42233			2.84915
4.41439			2.83279
4.41128			2.81605
4.41431			2.79906
4.42284			2.7832
4.43519			2.76801
4.44971			2.75302
4.47539			2.72838
4.50219			2.70754
4.52987			2.69497
4.55817			2.69517
4.581			2.70685
4.60099			2.72629
4.61502			2.74984
4.62			2.77384
4.61381			2.79538
4.5984			2.81437
4.57676			2.83148
4.55187			2.8474
4.52449			2.86321
4.49753			2.8751
4.47167			2.87972

15
4.50401			2.83046
4.52674			2.83142
4.54899			2.82151
4.56528			2.80328
4.57123			2.78006
4.56696			2.75657
4.55338			2.73819
4.53371			2.72958
4.51147			2.72974
4.49145			2.73826
4.48029			2.75001
4.47364			2.76497
4.47186			2.78167
4.47653			2.80224
4.4877			2.81967

4
4.83837			3.25792
4.84762			3.2273
4.86698			3.18661
4.83982			3.25522

