14
4
4.83837			3.25792
4.83982			3.25522
4.86698			3.18661
4.84762			3.2273

513
4.05119			3.95861
4.03596			3.95258
4.01858			3.95045
3.99949			3.95138
3.97914			3.95455
3.95796			3.95912
3.93641			3.96426
3.91492			3.96912
3.87338			3.97592
3.83345			3.97892
3.79468			3.9787
3.76925			3.97679
3.76586			4.12533
3.72808			4.3415
3.65051			4.54403
3.52984			4.72164
3.38926			4.84718
3.22309			4.93873
3.0408			4.98966
2.91196			4.99793
2.7843			4.98332
2.66208			4.94505
2.56904			4.89586
2.48531			4.83202
2.41371			4.75529
2.34587			4.64763
2.30946			4.55711
2.28813			4.56464
2.2351			4.57864
2.18101			4.58869
2.12613			4.59508
2.07075			4.59813
2.01514			4.59815
1.95958			4.59543
1.90435			4.59029
1.87799			4.58702
1.85177			4.58319
1.82572			4.5787
1.79983			4.57347
1.77412			4.56744
1.74859			4.56051
1.72325			4.5526
1.6844			4.53827
1.64635			4.52144
1.60943			4.50215
1.57395			4.48045
1.54023			4.45639
1.50859			4.43
1.47934			4.40134
1.4492			4.36598
1.42233			4.32804
1.39847			4.28785
1.37739			4.24574
1.3588			4.20202
1.34248			4.15703
1.32815			4.11109
1.31083			4.04436
1.29748			3.97683
1.28852			3.90899
1.28436			3.8413
1.28541			3.77425
1.29209			3.70831
1.3048			3.64395
1.3198			3.59335
1.33929			3.54428
1.36353			3.49691
1.3928			3.45143
1.42734			3.40802
1.44735			3.38748
1.36112			3.3431
1.2466			3.27005
1.13966			3.18638
1.06269			3.11437
0.991274			3.03692
0.925294			2.9547
0.871305			2.87807
0.8225			2.79815
0.779868			2.71487
0.761164			2.67205
0.744165			2.62853
0.72879			2.58446
0.704975			2.5035
0.686793			2.42093
0.674811			2.33647
0.670777			2.28628
0.668404			2.2365
0.667042			2.18828
0.666352			2.13794
0.667682			2.08589
0.672627			2.02719
0.673299			2.02024
0.673056			2.01404
0.670915			2.00948
0.667017			2.00734
0.661744			2.00648
0.655869			2.00627
0.640771			2.00644
0.627191			2.00819
0.615427			2.01277
0.603436			2.02375
0.594284			2.03901
0.587432			2.0563
0.578034			2.09375
0.572067			2.13026
0.564726			2.16586
0.550048			2.20515
0.528956			2.2425
0.503021			2.27709
0.468669			2.31268
0.429993			2.34296
0.387041			2.36744
0.349763			2.38224
0.310948			2.391
0.271774			2.39175
0.245239			2.38684
0.219492			2.37801
0.194931			2.36608
0.155978			2.34001
0.121262			2.30846
0.0902699			2.27279
0.060822			2.23106
0.0367357			2.18643
0.0196448			2.13918
0.0112155			2.09488
0.00856621			2.04951
0.0105292			2.00388
0.0199756			1.93633
0.0356898			1.87021
0.0561911			1.80569
0.0810925			1.7424
0.112762			1.6819
0.154589			1.62515
0.160012			1.61892
0.164731			1.61255
0.167865			1.60581
0.168627			1.59562
0.166408			1.58474
0.162979			1.5736
0.15425			1.53699
0.149752			1.50126
0.147436			1.46569
0.14493			1.40916
0.144629			1.35199
0.148403			1.29494
0.170985			1.18793
0.182862			1.15767
0.166092			1.13686
0.125195			1.06945
0.0993943			1.00745
0.0816864			0.941442
0.0720519			0.872888
0.0704713			0.80324
0.0769254			0.733955
0.0913951			0.666487
0.113861			0.602293
0.131529			0.564862
0.151346			0.52872
0.172432			0.493361
0.193908			0.458278
0.214894			0.422966
0.234511			0.386917
0.251879			0.349627
0.261215			0.325829
0.269854			0.301658
0.278292			0.277404
0.287027			0.253361
0.296554			0.22982
0.30737			0.207075
0.31997			0.185416
0.339245			0.159667
0.361823			0.13629
0.387271			0.115399
0.415156			0.0971069
0.445044			0.0815276
0.476503			0.0687737
0.509099			0.0589587
0.548371			0.0513001
0.588079			0.0479139
0.627684			0.0488427
0.666647			0.0541292
0.704428			0.063816
0.740486			0.0779459
0.774283			0.0965615
0.808008			0.121619
0.83919			0.15048
0.868584			0.181616
0.896947			0.2135
0.925031			0.244604
0.953594			0.273401
0.983389			0.298362
1.07048			0.340153
1.16874			0.351264
1.27559			0.338115
1.38843			0.307126
1.50468			0.264718
1.62176			0.217308
1.72891			0.174577
1.81222			0.120124
1.8782			0.0766553
1.94622			0.0369644
2.01797			0.00710201
2.08331			-0.00697505
2.15088			-0.0108596
2.21891			-0.00604317
2.29139			0.00764734
2.32472			0.018354
2.36244			0.011557
2.46553			-0.00620474
2.53108			-0.017404
2.59729			-0.0282491
2.66399			-0.0381695
2.73105			-0.0465947
2.7983			-0.0529543
2.86559			-0.0566778
2.93278			-0.0571947
2.98776			-0.0550053
3.04264			-0.0510553
3.09747			-0.0461288
3.15234			-0.0410102
3.2073			-0.0364834
3.26242			-0.0333328
3.31777			-0.0323425
3.37839			-0.0342172
3.43916			-0.0380508
3.49987			-0.0423055
3.56034			-0.0454434
3.62035			-0.0459269
3.6797			-0.0422181
3.7382			-0.0327793
3.76407			-0.0263863
3.78982			-0.0189832
3.81553			-0.011017
3.84127			-0.00293486
3.86715			0.00481621
3.89323			0.0117891
3.9196			0.0175367
3.9489			0.0221022
3.97848			0.0252883
4.00816			0.0277251
4.03777			0.0300424
4.06714			0.0328701
4.09608			0.0368381
4.12442			0.0425762
4.18238			0.0623929
4.23682			0.0917447
4.28771			0.129235
4.33507			0.173465
4.37887			0.22304
4.41911			0.276562
4.45579			0.332633
4.48621			0.38533
4.51299			0.438972
4.5355			0.493531
4.5531			0.54898
4.56516			0.605292
4.57105			0.66244
4.57014			0.720396
4.56081			0.784449
4.54301			0.847853
4.51719			0.90902
4.48378			0.966367
4.44322			1.01831
4.39594			1.06325
4.34239			1.09962
4.28887			1.12413
4.23186			1.14054
4.17269			1.14912
4.11268			1.15017
4.05316			1.14396
3.99546			1.13076
3.94089			1.11087
3.89713			1.08877
3.85568			1.06318
3.81554			1.03535
3.7757			1.00657
3.73516			0.978088
3.69292			0.951174
3.64798			0.927093
3.60941			0.910738
3.5692			0.898283
3.52811			0.890976
3.4869			0.890067
3.44632			0.896804
3.40714			0.912435
3.3701			0.93821
3.35241			0.955612
3.35776			0.97493
3.36913			1.02733
3.38438			1.07815
3.39394			1.09976
3.40408			1.1201
3.41809			1.12587
3.43623			1.13809
3.44746			1.1547
3.44999			1.16627
3.45041			1.17908
3.44954			1.19255
3.4482			1.20609
3.4472			1.21913
3.44736			1.22907
3.45153			1.24412
3.45739			1.25247
3.47017			1.25963
3.48692			1.26357
3.50665			1.26507
3.52835			1.26493
3.55103			1.26393
3.57371			1.26285
3.62142			1.2626
3.66501			1.26536
3.70537			1.27061
3.74343			1.27781
3.7801			1.28644
3.81628			1.29597
3.8529			1.30587
3.87837			1.31254
3.90436			1.3191
3.9308			1.32552
3.95761			1.33175
3.9847			1.33777
3.99411			1.33975
4.06262			1.32212
4.17437			1.31245
4.28535			1.32254
4.39312			1.35069
4.53187			1.41559
4.65622			1.50627
4.76247			1.61761
4.83951			1.73035
4.89978			1.85258
4.94389			1.98142
4.96791			2.08735
4.98214			2.19495
4.98675			2.30353
4.98108			2.41919
4.96375			2.53357
4.9386			2.6272
4.94236			2.63404
4.96601			2.68773
4.98363			2.74374
4.99377			2.80222
4.99504			2.86331
4.98601			2.92716
4.96526			2.99394
4.93749			3.05437
4.90506			3.11491
4.87331			3.1733
4.86698			3.18661
4.87213			3.17361
4.89336			3.09327
4.90566			3.01029
4.90902			2.92601
4.90345			2.84174
4.88896			2.75881
4.88808			2.75581
4.83848			2.84532
4.77217			2.93525
4.67628			3.03115
4.5652			3.10836
4.4417			3.16119
4.34591			3.18143
4.24794			3.18582
4.22439			3.18306
4.2197			3.19697
4.20513			3.23603
4.18952			3.26829
4.17021			3.29874
4.14676			3.32665
4.11872			3.35131
4.08564			3.37201
4.03898			3.3908
3.98895			3.40145
3.94029			3.40274
3.8977			3.39341
3.86591			3.37224
3.84885			3.34041
3.84358			3.29999
3.84763			3.25443
3.8585			3.20717
3.87373			3.16166
3.89633			3.11118
3.91968			3.0752
3.83358			3.00734
3.7597			2.92721
3.75916			2.94428
3.75552			2.98641
3.74749			3.00061
3.73533			2.98474
3.72051			2.94705
3.70591			2.89495
3.69576			2.8428
3.68625			2.83005
3.62629			2.74021
3.58052			2.66611
3.54331			2.58113
3.51798			2.46651
3.51444			2.43938
3.51054			2.41762
3.50529			2.40853
3.49841			2.41626
3.49031			2.43564
3.48189			2.46011
3.4432			2.57634
3.40936			2.66615
3.36825			2.74698
3.32405			2.81493
3.27446			2.88407
3.2266			2.95013
3.18476			3.00893
3.17981			3.01471
3.17406			3.13017
3.18216			3.23576
3.191			3.2369
3.24875			3.25261
3.30673			3.27558
3.36288			3.30433
3.42859			3.3468
3.48892			3.3953
3.5447			3.44907
3.60601			3.51948
3.6597			3.59583
3.70349			3.6776
3.75014			3.82021
3.7669			3.95152
3.82334			3.95027
3.88114			3.94447
3.9387			3.93475
3.99539			3.92174
4.07497			3.89804
4.15165			3.86906
4.22564			3.83516
4.29716			3.79669
4.36644			3.75402
4.43369			3.7075
4.49915			3.65749
4.56744			3.60021
4.63272			3.53919
4.69379			3.47431
4.74946			3.40544
4.79853			3.33245
4.83837			3.25792
4.83332			3.27467
4.83578			3.31317
4.86035			3.34055
4.86921			3.34492
4.87909			3.34891
4.8897			3.35281
4.90072			3.35688
4.91186			3.36142
4.9228			3.36668
4.93325			3.37296
4.94487			3.38219
4.95506			3.393
4.96361			3.40506
4.97027			3.41807
4.9748			3.43169
4.97697			3.44562
4.97656			3.45954
4.97309			3.47405
4.96679			3.48786
4.95804			3.50066
4.94722			3.51213
4.93473			3.52196
4.92096			3.52983
4.90628			3.53541
4.88019			3.5394
4.8533			3.53802
4.82631			3.53338
4.79989			3.52762
4.77473			3.52285
4.7515			3.52119
4.73089			3.52477
4.71516			3.53358
4.70122			3.54702
4.68828			3.56397
4.67556			3.58327
4.66226			3.6038
4.6476			3.62442
4.63077			3.64398
4.57896			3.6835
4.51689			3.71345
4.45178			3.73726
4.39088			3.75833
4.34143			3.78007
4.31067			3.8059
4.30584			3.83923
4.31074			3.85197
4.31811			3.86575
4.32704			3.88049
4.3366			3.8961
4.34588			3.91252
4.35398			3.92966
4.35998			3.94746
4.36358			3.97273
4.36195			3.99823
4.35554			4.02309
4.34483			4.04647
4.33029			4.06751
4.31237			4.08534
4.29154			4.09913
4.268			4.10826
4.24288			4.11252
4.21711			4.11208
4.1916			4.10711
4.16728			4.0978
4.14508			4.08431
4.12593			4.06681
4.11352			4.05066
4.10283			4.03315
4.09318			4.01522
4.08388			3.99785
4.07424			3.98198
4.06357			3.96858

6
3.32667			1.09143
3.32889			1.09244
3.30837			1.02663
3.30399			1.04373
3.3044			1.06298
3.3117			1.07904

26
0.271205			1.25606
0.239266			1.22289
0.230493			1.24863
0.221053			1.28357
0.212067			1.33089
0.205062			1.37876
0.197249			1.42697
0.18977			1.46717
0.188014			1.50744
0.200189			1.54778
0.202968			1.5525
0.206027			1.5565
0.209328			1.55904
0.217241			1.55789
0.225783			1.55014
0.234609			1.53968
0.269965			1.506
0.305737			1.48547
0.343355			1.47188
0.376927			1.46225
0.41209			1.4547
0.448154			1.45081
0.467023			1.45129
0.444827			1.4246
0.388589			1.36723
0.329774			1.31169

33
0.874959			2.10095
0.848044			2.07253
0.848567			2.09114
0.849533			2.13811
0.855395			2.20529
0.866593			2.27348
0.881965			2.34103
0.894216			2.38556
0.908145			2.42945
0.924058			2.47307
0.937643			2.50626
0.952166			2.53873
0.967229			2.56966
0.988184			2.60753
1.01408			2.64414
1.04961			2.68231
1.0743			2.70399
1.09821			2.7198
1.11612			2.7225
1.12451			2.70594
1.12472			2.67555
1.12114			2.64034
1.11385			2.57427
1.10846			2.51866
1.10405			2.46478
1.0983			2.38651
1.09266			2.31787
1.08994			2.31494
1.06249			2.28641
1.03453			2.25815
1.00623			2.23014
0.962088			2.18713
0.918128			2.14422

119
1.16756			2.40224
1.15262			2.38461
1.15781			2.42864
1.16288			2.49048
1.16439			2.54037
1.16416			2.59093
1.1632			2.6435
1.16168			2.68066
1.15488			2.71571
1.1374			2.74502
1.12541			2.75492
1.11159			2.7622
1.09713			2.76601
1.06218			2.75823
1.03052			2.73276
1.0018			2.70009
0.97268			2.66501
0.946403			2.63152
0.922534			2.5971
0.909177			2.57494
0.896807			2.55178
0.885692			2.52788
0.866644			2.47572
0.85186			2.4223
0.838771			2.36847
0.829789			2.33175
0.821482			2.29485
0.814936			2.25736
0.809946			2.20828
0.806433			2.15937
0.801203			2.1124
0.794553			2.07384
0.792352			2.03349
0.796468			2.01491
0.793412			2.01142
0.770992			1.98295
0.767061			1.98512
0.754346			1.99037
0.741256			1.99328
0.732656			1.99416
0.723914			1.99502
0.715782			1.99653
0.691119			2.03216
0.697716			2.09554
0.710987			2.16084
0.711998			2.1686
0.712796			2.17606
0.713506			2.18339
0.720284			2.24141
0.729493			2.30023
0.74111			2.35893
0.755506			2.41831
0.772264			2.47675
0.791225			2.53445
0.815443			2.59951
0.842619			2.66349
0.873046			2.72603
0.896469			2.7689
0.92152			2.81078
0.948077			2.85158
0.9845			2.90257
1.02351			2.95184
1.0654			2.99962
1.09487			3.03072
1.12462			3.06088
1.15351			3.08971
1.17898			3.11521
1.20543			3.14173
1.23553			3.17176
1.28711			3.22057
1.33952			3.25635
1.38057			3.25373
1.39213			3.23526
1.39969			3.21025
1.40376			3.18443
1.40411			3.15046
1.39755			3.11681
1.38441			3.0717
1.37424			3.03678
1.36717			3.009
1.3686			3.00406
1.37071			3.00777
1.37335			3.01286
1.37627			3.01855
1.40632			3.06632
1.43918			3.10472
1.47376			3.13924
1.54693			3.21182
1.60438			3.26625
1.60905			3.26324
1.65724			3.23283
1.70179			3.20311
1.73977			3.17359
1.76829			3.14377
1.78443			3.11316
1.78237			3.06652
1.7542			3.01749
1.70614			2.96636
1.70062			2.96163
1.69084			2.97451
1.67488			2.98879
1.65665			2.99725
1.63752			2.99831
1.61764			2.99387
1.59799			2.98605
1.54812			2.95659
1.50553			2.91979
1.46765			2.87829
1.43909			2.84307
1.41209			2.80657
1.3868			2.76886
1.35232			2.71023
1.32171			2.64944
1.29459			2.58696
1.28714			2.56697
1.28631			2.56581
1.25515			2.52073
1.22396			2.47607
1.19131			2.43196

13
1.43921			2.74736
1.40753			2.71571
1.42099			2.74143
1.45047			2.78646
1.48582			2.82982
1.52916			2.8766
1.56908			2.91628
1.609			2.9464
1.64261			2.95217
1.66281			2.92924
1.6444			2.91347
1.57519			2.85913
1.50473			2.80365

254
1.77879			2.90894
1.80774			2.88516
1.82769			2.83771
1.84189			2.77256
1.85358			2.6957
1.866			2.61309
1.88242			2.53072
1.90606			2.45455
1.95791			2.36313
2.02804			2.2935
2.11242			2.24152
2.20702			2.20302
2.28031			2.18181
2.26889			2.14555
2.23361			2.04612
2.19731			1.9532
2.15826			1.86533
2.11802			1.79176
2.08846			1.74921
2.05435			1.69935
2.01096			1.62276
1.99748			1.59573
1.98843			1.57519
1.98933			1.57125
1.9918			1.57404
1.99496			1.57801
1.99847			1.58251
2.04807			1.63779
2.09811			1.68057
2.15015			1.71762
2.20721			1.75544
2.26738			1.79211
2.33002			1.82532
2.39959			1.85517
2.471			1.87901
2.54399			1.89753
2.60612			1.90924
2.66885			1.91693
2.73184			1.91984
2.79562			1.91733
2.85912			1.90959
2.92216			1.89704
2.99165			1.87752
3.05847			1.85108
3.1208			1.81625
3.16684			1.78115
3.20846			1.74051
3.24542			1.69527
3.28796			1.62738
3.3204			1.55429
3.34187			1.47769
3.35144			1.40961
3.35437			1.3407
3.35292			1.27149
3.34978			1.2173
3.34617			1.18336
3.32238			1.16566
3.28992			1.14542
3.25661			1.12891
3.22239			1.11652
3.18719			1.10865
3.14826			1.10539
3.10836			1.10642
3.06773			1.11035
3.02659			1.11578
2.98517			1.12132
2.9437			1.12556
2.90241			1.12712
2.88353			1.12658
2.86474			1.12524
2.84604			1.12318
2.82745			1.12047
2.80896			1.11717
2.79059			1.11335
2.77232			1.10908
2.69848			1.08777
2.62625			1.06142
2.58519			1.04405
2.5838			1.06246
2.58248			1.09383
2.5828			1.12428
2.58819			1.17619
2.59744			1.22935
2.60728			1.29017
2.61279			1.32706
2.62322			1.35825
2.6443			1.37388
2.64863			1.37429
2.65318			1.37425
2.65781			1.37387
2.698			1.35985
2.73308			1.33406
2.76355			1.30607
2.78099			1.29072
2.7998			1.2747
2.82296			1.25445
2.83572			1.2431
2.84676			1.23417
2.85271			1.23186
2.85178			1.23776
2.84658			1.24904
2.83957			1.26248
2.81755			1.3044
2.79868			1.33689
2.77775			1.36405
2.74491			1.39399
2.70547			1.42201
2.66319			1.44796
2.62626			1.46855
2.58884			1.4858
2.54973			1.49804
2.50599			1.50459
2.46164			1.50723
2.41931			1.50948
2.39016			1.51205
2.35947			1.51234
2.32322			1.50638
2.3118			1.50312
2.30234			1.49968
2.29759			1.49675
2.30346			1.49406
2.32055			1.49291
2.34106			1.49186
2.37224			1.48705
2.39655			1.48016
2.42339			1.47404
2.43295			1.47257
2.44159			1.47026
2.4473			1.46595
2.44876			1.45973
2.4477			1.45191
2.44553			1.4434
2.43812			1.40545
2.43483			1.37081
2.43226			1.33711
2.42752			1.30158
2.42044			1.26535
2.41146			1.22921
2.39542			1.17666
2.37702			1.12538
2.3571			1.07464
2.3232			0.993858
2.28472			0.915196
2.2761			0.901318
2.2746			0.900644
2.18286			0.864112
2.08956			0.832589
1.99462			0.806242
1.89796			0.785241
1.7995			0.769753
1.69918			0.759946
1.59691			0.755989
1.50191			0.757775
1.40685			0.765577
1.31334			0.780377
1.22302			0.80316
1.13752			0.834908
1.05845			0.876605
0.987436			0.929236
0.928141			0.990501
0.877755			1.06103
0.836267			1.13911
0.803667			1.22303
0.779946			1.31108
0.765091			1.40156
0.759094			1.49274
0.761002			1.57034
0.769428			1.6467
0.784377			1.72131
0.805854			1.79368
0.829845			1.85331
0.86013			1.8353
0.898199			1.80608
0.935219			1.77234
0.967685			1.73918
0.998308			1.707
1.02715			1.6788
1.04499			1.66302
1.06335			1.64408
1.08343			1.6159
1.09647			1.5934
1.10701			1.57546
1.11142			1.57238
1.11084			1.57697
1.10927			1.58387
1.10715			1.59171
1.09551			1.6246
1.08249			1.65175
1.06915			1.67713
1.05899			1.69736
1.04735			1.71805
1.03236			1.73839
1.02774			1.7437
1.02391			1.74903
1.02205			1.75451
1.02297			1.76028
1.02593			1.76621
1.02976			1.77222
1.04739			1.80541
1.05926			1.83854
1.06847			1.87204
1.07646			1.90227
1.08445			1.93293
1.09207			1.96383
1.10656			2.03177
1.11821			2.09995
1.12753			2.16836
1.13268			2.21334
1.13391			2.22475
1.14572			2.23574
1.1932			2.28158
1.2193			2.30898
1.21494			2.27803
1.20924			2.22463
1.2048			2.16846
1.20206			2.11214
1.20122			2.05551
1.20343			1.98405
1.21093			1.91324
1.22572			1.84446
1.23366			1.81877
1.24251			1.79314
1.25181			1.7671
1.26582			1.72951
1.28403			1.69469
1.31065			1.66716
1.32141			1.66077
1.33301			1.65624
1.34501			1.65423
1.36067			1.65603
1.37588			1.66186
1.39022			1.67028
1.41635			1.69175
1.43824			1.71686
1.45714			1.74429
1.49175			1.80672
1.52072			1.87216
1.5465			1.93908
1.56453			1.98824
1.58177			2.03757
1.59779			2.08721
1.62064			2.16855
1.64066			2.2508
1.65925			2.33359
1.67686			2.41409
1.69324			2.49464
1.70715			2.57515
1.71563			2.63718
1.72264			2.69978
1.72891			2.76359
1.73359			2.83044
1.72857			2.89598
1.7275			2.89866
1.74609			2.90749

66
1.66285			2.8563
1.67804			2.86754
1.68179			2.83936
1.68265			2.75724
1.67326			2.68538
1.65813			2.61709
1.63683			2.52945
1.61484			2.43871
1.59337			2.34656
1.579			2.28235
1.56381			2.21924
1.54611			2.15815
1.54156			2.14394
1.53798			2.12915
1.53657			2.11306
1.537			2.10016
1.53598			2.08819
1.53016			2.07925
1.52636			2.07718
1.52213			2.07603
1.51812			2.07604
1.51147			2.08116
1.50812			2.0913
1.50644			2.10344
1.50383			2.12265
1.49924			2.1388
1.49051			2.15178
1.48058			2.15916
1.46867			2.1642
1.45616			2.16632
1.42764			2.15767
1.40398			2.13465
1.3849			2.10521
1.36683			2.06861
1.35352			2.03267
1.34308			1.99572
1.33234			1.94962
1.32283			1.90335
1.31445			1.86045
1.3117			1.84554
1.30977			1.82917
1.30933			1.80891
1.31076			1.78036
1.31129			1.75623
1.30712			1.74931
1.30366			1.75348
1.29954			1.76044
1.29535			1.76866
1.28239			1.80096
1.27513			1.8304
1.27091			1.8589
1.26284			1.9377
1.25773			2.02077
1.25584			2.10537
1.25843			2.20524
1.26795			2.30306
1.2835			2.38374
1.30511			2.41185
1.33682			2.456
1.36879			2.50207
1.40227			2.55037
1.43851			2.6012
1.47875			2.65487
1.52219			2.7092
1.56863			2.76313
1.61615			2.81328

12
0.909506			1.99226
0.924673			2.0112
0.921398			1.9892
0.920918			1.95761
0.923622			1.92512
0.925074			1.8972
0.920054			1.88512
0.910289			1.89063
0.896339			1.9035
0.879919			1.91739
0.866355			1.9257
0.868413			1.92966

13
3.49305			1.33418
3.46783			1.30309
3.487			1.37763
3.50935			1.45341
3.52915			1.53519
3.54117			1.64174
3.54135			1.6457
3.56097			1.61927
3.57873			1.57158
3.58078			1.52683
3.57155			1.47964
3.55273			1.43109
3.526			1.38224

23
4.00726			3.13884
4.01767			3.12964
3.97986			3.1096
3.96673			3.12083
3.94119			3.14934
3.92041			3.18119
3.9092			3.21298
3.91237			3.24129
3.92403			3.25625
3.9424			3.26705
3.96598			3.27248
3.99329			3.27131
4.01028			3.26719
4.02531			3.2612
4.03564			3.25423
4.03853			3.24718
4.03401			3.24174
4.02501			3.2363
4.01404			3.23028
4.00358			3.22314
3.99067			3.20459
3.98807			3.18237
3.99414			3.15945

15
0.662413			1.92572
0.713771			1.90006
0.687771			1.85518
0.663388			1.8066
0.66288			1.80909
0.654341			1.84154
0.645272			1.87259
0.640842			1.88803
0.63693			1.90424
0.633862			1.92254
0.633325			1.92751
0.633247			1.93203
0.634015			1.93542
0.640021			1.93724
0.65029			1.93284

9
1.05209			2.13463
1.04731			2.14381
1.07334			2.16822
1.07023			2.14588
1.06816			2.13039
1.06565			2.118
1.06234			2.11367
1.05939			2.11745
1.05595			2.12524

