This is XeTeX, Version 3.14159265-2.6-0.99998 (TeX Live 2017/Debian) (preloaded format=xelatex 2019.10.16)  18 OCT 2019 23:09
entering extended mode
 restricted \write18 enabled.
 %&-line parsing enabled.
**biji.tex
(./biji.tex
LaTeX2e <2017-04-15>
Babel <3.18> and hyphenation patterns for 84 language(s) loaded.

! LaTeX Error: Missing \begin{document}.

See the LaTeX manual or LaTeX Companion for explanation.
Type  H <return>  for immediate help.
 ...                                              
                                                  
l.1 1
     .看到数学概念就想ｃ＋＋包装：
You're in trouble here.  Try typing  <return>  to proceed.
If that doesn't work, type  X <return>  to quit.

Missing character: There is no 1 in font nullfont!
Missing character: There is no . in font nullfont!
Missing character: There is no 看 in font nullfont!
Missing character: There is no 到 in font nullfont!
Missing character: There is no 数 in font nullfont!
Missing character: There is no 学 in font nullfont!
Missing character: There is no 概 in font nullfont!
Missing character: There is no 念 in font nullfont!
Missing character: There is no 就 in font nullfont!
Missing character: There is no 想 in font nullfont!
Missing character: There is no ｃ in font nullfont!
Missing character: There is no ＋ in font nullfont!
Missing character: There is no ＋ in font nullfont!
Missing character: There is no 包 in font nullfont!
Missing character: There is no 装 in font nullfont!
Missing character: There is no ： in font nullfont!
Missing character: There is no 　 in font nullfont!
Missing character: There is no 看 in font nullfont!
Missing character: There is no 到 in font nullfont!
Missing character: There is no 一 in font nullfont!
Missing character: There is no 个 in font nullfont!
Missing character: There is no 点 in font nullfont!
Missing character: There is no 　 in font nullfont!
Missing character: There is no 　 in font nullfont!
Missing character: There is no 　 in font nullfont!
Missing character: There is no 想 in font nullfont!
Missing character: There is no 象 in font nullfont!
Missing character: There is no 成 in font nullfont!
Missing character: There is no Ｒ in font nullfont!
Missing character: There is no ＿ in font nullfont!
Missing character: There is no ２ in font nullfont!
Missing character: There is no 空 in font nullfont!
Missing character: There is no 间 in font nullfont!
Missing character: There is no 中 in font nullfont!
Missing character: There is no 一 in font nullfont!
Missing character: There is no 点 in font nullfont!
Missing character: There is no 。 in font nullfont!
Missing character: There is no - in font nullfont!
Missing character: There is no - in font nullfont!
Missing character: There is no > in font nullfont!
Missing character: There is no c in font nullfont!
Missing character: There is no + in font nullfont!
Missing character: There is no + in font nullfont!
Missing character: There is no 一 in font nullfont!
Missing character: There is no 个 in font nullfont!
Missing character: There is no 类 in font nullfont!
Missing character: There is no ， in font nullfont!
Missing character: There is no ｔ in font nullfont!
Missing character: There is no ｅ in font nullfont!
Missing character: There is no ｍ in font nullfont!
Missing character: There is no ｐ in font nullfont!
Missing character: There is no ｌ in font nullfont!
Missing character: There is no ａ in font nullfont!
Missing character: There is no ｔ in font nullfont!
Missing character: There is no ｅ in font nullfont!
Missing character: There is no < in font nullfont!
Missing character: There is no > in font nullfont!
Missing character: There is no ｃ in font nullfont!
Missing character: There is no ｌ in font nullfont!
Missing character: There is no ａ in font nullfont!
Missing character: There is no ｓ in font nullfont!
Missing character: There is no ｓ in font nullfont!
Missing character: There is no 　 in font nullfont!
Missing character: There is no ｐ in font nullfont!
Missing character: There is no ｏ in font nullfont!
Missing character: There is no ｉ in font nullfont!
Missing character: There is no ｎ in font nullfont!
Missing character: There is no ｔ in font nullfont!
Missing character: There is no ｛ in font nullfont!
Missing character: There is no ｄ in font nullfont!
Missing character: There is no ａ in font nullfont!
Missing character: There is no ｔ in font nullfont!
Missing character: There is no ａ in font nullfont!
Missing character: There is no ； in font nullfont!
Missing character: There is no ｍ in font nullfont!
Missing character: There is no ｅ in font nullfont!
Missing character: There is no ｍ in font nullfont!
Missing character: There is no ｂ in font nullfont!
Missing character: There is no ｅ in font nullfont!
Missing character: There is no ｒ in font nullfont!
Missing character: There is no 　 in font nullfont!
Missing character: There is no ｆ in font nullfont!
Missing character: There is no ｕ in font nullfont!
Missing character: There is no ｎ in font nullfont!
Missing character: There is no ｃ in font nullfont!
Missing character: There is no ｔ in font nullfont!
Missing character: There is no ｉ in font nullfont!
Missing character: There is no ｏ in font nullfont!
Missing character: There is no ｎ in font nullfont!
Missing character: There is no ； in font nullfont!
Missing character: There is no ｝ in font nullfont!

Overfull \hbox (20.0pt too wide) in paragraph at lines 1--9
[]
 []


! LaTeX Error: Missing \begin{document}.

See the LaTeX manual or LaTeX Companion for explanation.
Type  H <return>  for immediate help.
 ...                                              
                                                  
l.10 2
      .自然的对应
You're in trouble here.  Try typing  <return>  to proceed.
If that doesn't work, type  X <return>  to quit.

Missing character: There is no 2 in font nullfont!
Missing character: There is no . in font nullfont!
Missing character: There is no 自 in font nullfont!
Missing character: There is no 然 in font nullfont!
Missing character: There is no 的 in font nullfont!
Missing character: There is no 对 in font nullfont!
Missing character: There is no 应 in font nullfont!
Missing character: There is no ( in font nullfont!
Missing character: There is no 数 in font nullfont!
Missing character: There is no 学 in font nullfont!
Missing character: There is no 概 in font nullfont!
Missing character: There is no 念 in font nullfont!
Missing character: There is no 固 in font nullfont!
Missing character: There is no 有 in font nullfont!
Missing character: There is no 的 in font nullfont!
Missing character: There is no 属 in font nullfont!
Missing character: There is no 性 in font nullfont!
Missing character: There is no 　 in font nullfont!
Missing character: There is no 点 in font nullfont!
Missing character: There is no ： in font nullfont!
Missing character: There is no 　 in font nullfont!
Missing character: There is no c in font nullfont!
Missing character: There is no o in font nullfont!
Missing character: There is no o in font nullfont!
Missing character: There is no r in font nullfont!
Missing character: There is no d in font nullfont!
Missing character: There is no i in font nullfont!
Missing character: There is no n in font nullfont!
Missing character: There is no a in font nullfont!
Missing character: There is no t in font nullfont!
Missing character: There is no e in font nullfont!
Missing character: There is no [ in font nullfont!
Missing character: There is no ] in font nullfont!
Missing character: There is no ) in font nullfont!
Missing character: There is no （ in font nullfont!
Missing character: There is no 数 in font nullfont!
Missing character: There is no 学 in font nullfont!
Missing character: There is no 概 in font nullfont!
Missing character: There is no 念 in font nullfont!
Missing character: There is no 的 in font nullfont!
Missing character: There is no 固 in font nullfont!
Missing character: There is no 有 in font nullfont!
Missing character: There is no 操 in font nullfont!
Missing character: There is no 作 in font nullfont!
Missing character: There is no 　 in font nullfont!
Missing character: There is no 点 in font nullfont!
Missing character: There is no ： in font nullfont!
Missing character: There is no 　 in font nullfont!
Missing character: There is no 求 in font nullfont!
Missing character: There is no 模 in font nullfont!
Missing character: There is no 　 in font nullfont!
Missing character: There is no d in font nullfont!
Missing character: There is no o in font nullfont!
Missing character: There is no u in font nullfont!
Missing character: There is no b in font nullfont!
Missing character: There is no l in font nullfont!
Missing character: There is no e in font nullfont!
Missing character: There is no n in font nullfont!
Missing character: There is no o in font nullfont!
Missing character: There is no r in font nullfont!
Missing character: There is no m in font nullfont!
Missing character: There is no ( in font nullfont!
Missing character: There is no ) in font nullfont!
Missing character: There is no 　 in font nullfont!
Missing character: There is no 　 in font nullfont!
Missing character: There is no 　 in font nullfont!
Missing character: There is no 　 in font nullfont!
Missing character: There is no 　 in font nullfont!
Missing character: There is no 　 in font nullfont!
Missing character: There is no 　 in font nullfont!
Missing character: There is no 　 in font nullfont!
Missing character: There is no 　 in font nullfont!
Missing character: There is no 　 in font nullfont!
Missing character: There is no 　 in font nullfont!
Missing character: There is no 　 in font nullfont!
Missing character: There is no 　 in font nullfont!
Missing character: There is no 　 in font nullfont!
Missing character: There is no 求 in font nullfont!
Missing character: There is no 点 in font nullfont!
Missing character: There is no 的 in font nullfont!
Missing character: There is no 位 in font nullfont!
Missing character: There is no 置 in font nullfont!
Missing character: There is no 　 in font nullfont!
Missing character: There is no d in font nullfont!
Missing character: There is no o in font nullfont!
Missing character: There is no u in font nullfont!
Missing character: There is no b in font nullfont!
Missing character: There is no l in font nullfont!
Missing character: There is no e in font nullfont!
Missing character: There is no c in font nullfont!
Missing character: There is no o in font nullfont!
Missing character: There is no o in font nullfont!
Missing character: There is no r in font nullfont!
Missing character: There is no d in font nullfont!
Missing character: There is no i in font nullfont!
Missing character: There is no n in font nullfont!
Missing character: There is no a in font nullfont!
Missing character: There is no t in font nullfont!
Missing character: There is no e in font nullfont!
Missing character: There is no ( in font nullfont!
Missing character: There is no ) in font nullfont!
Missing character: There is no 　 in font nullfont!
Missing character: There is no 　 in font nullfont!
Missing character: There is no 　 in font nullfont!
Missing character: There is no 　 in font nullfont!
Missing character: There is no 　 in font nullfont!
Missing character: There is no 　 in font nullfont!
Missing character: There is no 　 in font nullfont!
Missing character: There is no 　 in font nullfont!
Missing character: There is no 　 in font nullfont!
Missing character: There is no 　 in font nullfont!
Missing character: There is no 　 in font nullfont!
Missing character: There is no 　 in font nullfont!
Missing character: There is no 　 in font nullfont!
Missing character: There is no 　 in font nullfont!
Missing character: There is no ＋ in font nullfont!
Missing character: There is no ， in font nullfont!
Missing character: There is no － in font nullfont!
Missing character: There is no ， in font nullfont!
Missing character: There is no × in font nullfont!
Missing character: There is no ， in font nullfont!
Missing character: There is no / in font nullfont!
Missing character: There is no d in font nullfont!
Missing character: There is no o in font nullfont!
Missing character: There is no t in font nullfont!
Missing character: There is no o in font nullfont!
Missing character: There is no p in font nullfont!
Missing character: There is no e in font nullfont!
Missing character: There is no r in font nullfont!
Missing character: There is no a in font nullfont!
Missing character: There is no t in font nullfont!
Missing character: There is no o in font nullfont!
Missing character: There is no r in font nullfont!
Missing character: There is no 判 in font nullfont!
Missing character: There is no 断 in font nullfont!
Missing character: There is no 是 in font nullfont!
Missing character: There is no 否 in font nullfont!
Missing character: There is no 相 in font nullfont!
Missing character: There is no 同 in font nullfont!
Missing character: There is no 　 in font nullfont!
Missing character: There is no b in font nullfont!
Missing character: There is no o in font nullfont!
Missing character: There is no o in font nullfont!
Missing character: There is no l in font nullfont!
Missing character: There is no o in font nullfont!
Missing character: There is no p in font nullfont!
Missing character: There is no e in font nullfont!
Missing character: There is no r in font nullfont!
Missing character: There is no a in font nullfont!
Missing character: There is no t in font nullfont!
Missing character: There is no o in font nullfont!
Missing character: There is no r in font nullfont!
Missing character: There is no = in font nullfont!
Missing character: There is no = in font nullfont!
Missing character: There is no ( in font nullfont!
Missing character: There is no ) in font nullfont!
Missing character: There is no ） in font nullfont!

Overfull \hbox (20.0pt too wide) in paragraph at lines 10--16
[]
 []


! LaTeX Error: Missing \begin{document}.

See the LaTeX manual or LaTeX Companion for explanation.
Type  H <return>  for immediate help.
 ...                                              
                                                  
l.17 3
      .写一个文档，包含class的设计
You're in trouble here.  Try typing  <return>  to proceed.
If that doesn't work, type  X <return>  to quit.

Missing character: There is no 3 in font nullfont!
Missing character: There is no . in font nullfont!
Missing character: There is no 写 in font nullfont!
Missing character: There is no 一 in font nullfont!
Missing character: There is no 个 in font nullfont!
Missing character: There is no 文 in font nullfont!
Missing character: There is no 档 in font nullfont!
Missing character: There is no ， in font nullfont!
Missing character: There is no 包 in font nullfont!
Missing character: There is no 含 in font nullfont!
Missing character: There is no c in font nullfont!
Missing character: There is no l in font nullfont!
Missing character: There is no a in font nullfont!
Missing character: There is no s in font nullfont!
Missing character: There is no s in font nullfont!
Missing character: There is no 的 in font nullfont!
Missing character: There is no 设 in font nullfont!
Missing character: There is no 计 in font nullfont!
Missing character: There is no 加 in font nullfont!
Missing character: There is no 上 in font nullfont!
Missing character: There is no U in font nullfont!
Missing character: There is no M in font nullfont!
Missing character: There is no L in font nullfont!
Missing character: There is no （ in font nullfont!
Missing character: There is no 等 in font nullfont!
Missing character: There is no 忘 in font nullfont!
Missing character: There is no 记 in font nullfont!
Missing character: There is no 细 in font nullfont!
Missing character: There is no 节 in font nullfont!
Missing character: There is no 后 in font nullfont!
Missing character: There is no ） in font nullfont!
Missing character: There is no 检 in font nullfont!
Missing character: There is no 查 in font nullfont!
Missing character: There is no ： in font nullfont!
Missing character: There is no 1 in font nullfont!
Missing character: There is no . in font nullfont!
Missing character: There is no 层 in font nullfont!
Missing character: There is no 级 in font nullfont!
Missing character: There is no 关 in font nullfont!
Missing character: There is no 系 in font nullfont!
Missing character: There is no （ in font nullfont!
Missing character: There is no 上 in font nullfont!
Missing character: There is no 层 in font nullfont!
Missing character: There is no 简 in font nullfont!
Missing character: There is no 单 in font nullfont!
Missing character: There is no 调 in font nullfont!
Missing character: There is no 用 in font nullfont!
Missing character: There is no 下 in font nullfont!
Missing character: There is no 层 in font nullfont!
Missing character: There is no 函 in font nullfont!
Missing character: There is no 数 in font nullfont!
Missing character: There is no ， in font nullfont!
Missing character: There is no 下 in font nullfont!
Missing character: There is no 层 in font nullfont!
Missing character: There is no 底 in font nullfont!
Missing character: There is no 层 in font nullfont!
Missing character: There is no 实 in font nullfont!
Missing character: There is no 现 in font nullfont!
Missing character: There is no 必 in font nullfont!
Missing character: There is no 要 in font nullfont!
Missing character: There is no 函 in font nullfont!
Missing character: There is no 数 in font nullfont!
Missing character: There is no 。 in font nullfont!
Missing character: There is no ） in font nullfont!
Missing character: There is no 2 in font nullfont!
Missing character: There is no . in font nullfont!
Missing character: There is no 每 in font nullfont!
Missing character: There is no 个 in font nullfont!
Missing character: There is no 类 in font nullfont!
Missing character: There is no 可 in font nullfont!
Missing character: There is no 用 in font nullfont!
Missing character: There is no 属 in font nullfont!
Missing character: There is no 性 in font nullfont!
Missing character: There is no 3 in font nullfont!
Missing character: There is no . in font nullfont!
Missing character: There is no 单 in font nullfont!
Missing character: There is no 个 in font nullfont!
Missing character: There is no 类 in font nullfont!
Missing character: There is no 的 in font nullfont!
Missing character: There is no 复 in font nullfont!
Missing character: There is no 杂 in font nullfont!
Missing character: There is no 度 in font nullfont!
Missing character: There is no 4 in font nullfont!
Missing character: There is no . in font nullfont!
Missing character: There is no 功 in font nullfont!
Missing character: There is no 能 in font nullfont!
Missing character: There is no 重 in font nullfont!
Missing character: There is no 用 in font nullfont!
Missing character: There is no 5 in font nullfont!
Missing character: There is no . in font nullfont!
Missing character: There is no 可 in font nullfont!
Missing character: There is no 拓 in font nullfont!
Missing character: There is no 展 in font nullfont!
Missing character: There is no 性 in font nullfont!
Missing character: There is no 和 in font nullfont!
Missing character: There is no 复 in font nullfont!
Missing character: There is no 杂 in font nullfont!
Missing character: There is no 度 in font nullfont!
Missing character: There is no 的 in font nullfont!
Missing character: There is no 平 in font nullfont!
Missing character: There is no 衡 in font nullfont!
Missing character: There is no 6 in font nullfont!
Missing character: There is no . in font nullfont!
Missing character: There is no 是 in font nullfont!
Missing character: There is no 否 in font nullfont!
Missing character: There is no 便 in font nullfont!
Missing character: There is no 于 in font nullfont!
Missing character: There is no 测 in font nullfont!
Missing character: There is no 试 in font nullfont!

Overfull \hbox (20.0pt too wide) in paragraph at lines 17--27
[]
 []


! LaTeX Error: Missing \begin{document}.

See the LaTeX manual or LaTeX Companion for explanation.
Type  H <return>  for immediate help.
 ...                                              
                                                  
l.30 4
      .对每一个模块函数证明正确性
You're in trouble here.  Try typing  <return>  to proceed.
If that doesn't work, type  X <return>  to quit.

Missing character: There is no 4 in font nullfont!
Missing character: There is no . in font nullfont!
Missing character: There is no 对 in font nullfont!
Missing character: There is no 每 in font nullfont!
Missing character: There is no 一 in font nullfont!
Missing character: There is no 个 in font nullfont!
Missing character: There is no 模 in font nullfont!
Missing character: There is no 块 in font nullfont!
Missing character: There is no 函 in font nullfont!
Missing character: There is no 数 in font nullfont!
Missing character: There is no 证 in font nullfont!
Missing character: There is no 明 in font nullfont!
Missing character: There is no 正 in font nullfont!
Missing character: There is no 确 in font nullfont!
Missing character: There is no 性 in font nullfont!
Missing character: There is no 1 in font nullfont!
Missing character: There is no . in font nullfont!
Missing character: There is no 明 in font nullfont!
Missing character: There is no 确 in font nullfont!
Missing character: There is no 契 in font nullfont!
Missing character: There is no 约 in font nullfont!
Missing character: There is no （ in font nullfont!
Missing character: There is no i in font nullfont!
Missing character: There is no n in font nullfont!
Missing character: There is no p in font nullfont!
Missing character: There is no u in font nullfont!
Missing character: There is no t in font nullfont!
Missing character: There is no （ in font nullfont!
Missing character: There is no 点 in font nullfont!
Missing character: There is no ， in font nullfont!
Missing character: There is no 线 in font nullfont!
Missing character: There is no ， in font nullfont!
Missing character: There is no e in font nullfont!
Missing character: There is no p in font nullfont!
Missing character: There is no s in font nullfont!
Missing character: There is no ） in font nullfont!
Missing character: There is no ， in font nullfont!
Missing character: There is no o in font nullfont!
Missing character: There is no u in font nullfont!
Missing character: There is no t in font nullfont!
Missing character: There is no p in font nullfont!
Missing character: There is no u in font nullfont!
Missing character: There is no t in font nullfont!
Missing character: There is no （ in font nullfont!
Missing character: There is no 是 in font nullfont!
Missing character: There is no 否 in font nullfont!
Missing character: There is no 在 in font nullfont!
Missing character: There is no Y in font nullfont!
Missing character: There is no i in font nullfont!
Missing character: There is no n in font nullfont!
Missing character: There is no 集 in font nullfont!
Missing character: There is no 内 in font nullfont!
Missing character: There is no 部 in font nullfont!
Missing character: There is no ， in font nullfont!
Missing character: There is no 外 in font nullfont!
Missing character: There is no 部 in font nullfont!
Missing character: There is no ， in font nullfont!
Missing character: There is no 边 in font nullfont!
Missing character: There is no 上 in font nullfont!
Missing character: There is no ） in font nullfont!
Missing character: There is no ， in font nullfont!
Missing character: There is no p in font nullfont!
Missing character: There is no r in font nullfont!
Missing character: There is no e in font nullfont!
Missing character: There is no c in font nullfont!
Missing character: There is no o in font nullfont!
Missing character: There is no n in font nullfont!
Missing character: There is no d in font nullfont!
Missing character: There is no i in font nullfont!
Missing character: There is no t in font nullfont!
Missing character: There is no i in font nullfont!
Missing character: There is no o in font nullfont!
Missing character: There is no n in font nullfont!
Missing character: There is no f in font nullfont!
Missing character: There is no o in font nullfont!
Missing character: There is no r in font nullfont!
Missing character: There is no i in font nullfont!
Missing character: There is no n in font nullfont!
Missing character: There is no p in font nullfont!
Missing character: There is no u in font nullfont!
Missing character: There is no t in font nullfont!
Missing character: There is no （ in font nullfont!
Missing character: There is no 线 in font nullfont!
Missing character: There is no 是 in font nullfont!
Missing character: There is no j in font nullfont!
Missing character: There is no o in font nullfont!
Missing character: There is no r in font nullfont!
Missing character: There is no d in font nullfont!
Missing character: There is no a in font nullfont!
Missing character: There is no n in font nullfont!
Missing character: There is no 线 in font nullfont!
Missing character: There is no ） in font nullfont!
Missing character: There is no ， in font nullfont!
Missing character: There is no p in font nullfont!
Missing character: There is no o in font nullfont!
Missing character: There is no s in font nullfont!
Missing character: There is no t in font nullfont!
Missing character: There is no c in font nullfont!
Missing character: There is no o in font nullfont!
Missing character: There is no n in font nullfont!
Missing character: There is no d in font nullfont!
Missing character: There is no i in font nullfont!
Missing character: There is no t in font nullfont!
Missing character: There is no i in font nullfont!
Missing character: There is no o in font nullfont!
Missing character: There is no n in font nullfont!
Missing character: There is no （ in font nullfont!
Missing character: There is no 在 in font nullfont!
Missing character: There is no 边 in font nullfont!
Missing character: There is no 上 in font nullfont!
Missing character: There is no 等 in font nullfont!
Missing character: There is no 价 in font nullfont!
Missing character: There is no 于 in font nullfont!
Missing character: There is no 到 in font nullfont!
Missing character: There is no 边 in font nullfont!
Missing character: There is no 的 in font nullfont!
Missing character: There is no 距 in font nullfont!
Missing character: There is no 离 in font nullfont!
Missing character: There is no 小 in font nullfont!
Missing character: There is no 于 in font nullfont!
Missing character: There is no 等 in font nullfont!
Missing character: There is no 于 in font nullfont!
Missing character: There is no e in font nullfont!
Missing character: There is no p in font nullfont!
Missing character: There is no s in font nullfont!
Missing character: There is no ） in font nullfont!
Missing character: There is no ） in font nullfont!
Missing character: There is no 2 in font nullfont!
Missing character: There is no . in font nullfont!
Missing character: There is no 设 in font nullfont!
Missing character: There is no 计 in font nullfont!
Missing character: There is no 算 in font nullfont!
Missing character: There is no 法 in font nullfont!
Missing character: There is no < in font nullfont!
Missing character: There is no - in font nullfont!
Missing character: There is no > in font nullfont!
Missing character: There is no 证 in font nullfont!
Missing character: There is no 明 in font nullfont!
Missing character: There is no 正 in font nullfont!
Missing character: There is no 确 in font nullfont!
Missing character: There is no ( in font nullfont!
Missing character: There is no a in font nullfont!
Missing character: There is no l in font nullfont!
Missing character: There is no g in font nullfont!
Missing character: There is no o in font nullfont!
Missing character: There is no r in font nullfont!
Missing character: There is no i in font nullfont!
Missing character: There is no t in font nullfont!
Missing character: There is no h in font nullfont!
Missing character: There is no m in font nullfont!
Missing character: There is no 包 in font nullfont!
Missing character: There is no 写 in font nullfont!
Missing character: There is no 出 in font nullfont!
Missing character: There is no 算 in font nullfont!
Missing character: There is no 法 in font nullfont!
Missing character: There is no 和 in font nullfont!
Missing character: There is no 证 in font nullfont!
Missing character: There is no 明 in font nullfont!
Missing character: There is no ) in font nullfont!
Missing character: There is no 3 in font nullfont!
Missing character: There is no . in font nullfont!
Missing character: There is no 足 in font nullfont!
Missing character: There is no 够 in font nullfont!
Missing character: There is no 细 in font nullfont!
Missing character: There is no 化 in font nullfont!
Missing character: There is no 4 in font nullfont!
Missing character: There is no . in font nullfont!
Missing character: There is no 写 in font nullfont!
Missing character: There is no 下 in font nullfont!
Missing character: There is no 来 in font nullfont!

Overfull \hbox (20.0pt too wide) in paragraph at lines 30--35
[]
 []


! LaTeX Error: Missing \begin{document}.

See the LaTeX manual or LaTeX Companion for explanation.
Type  H <return>  for immediate help.
 ...                                              
                                                  
l.37 5
      .写程序
You're in trouble here.  Try typing  <return>  to proceed.
If that doesn't work, type  X <return>  to quit.

Missing character: There is no 5 in font nullfont!
Missing character: There is no . in font nullfont!
Missing character: There is no 写 in font nullfont!
Missing character: There is no 程 in font nullfont!
Missing character: There is no 序 in font nullfont!
Missing character: There is no 从 in font nullfont!
Missing character: There is no 底 in font nullfont!
Missing character: There is no 层 in font nullfont!
Missing character: There is no 开 in font nullfont!
Missing character: There is no 始 in font nullfont!
Missing character: There is no ， in font nullfont!
Missing character: There is no 每 in font nullfont!
Missing character: There is no 一 in font nullfont!
Missing character: There is no 层 in font nullfont!
Missing character: There is no 进 in font nullfont!
Missing character: There is no 行 in font nullfont!
Missing character: There is no 调 in font nullfont!
Missing character: There is no 试 in font nullfont!
Missing character: There is no 后 in font nullfont!
Missing character: There is no 。 in font nullfont!
Missing character: There is no 再 in font nullfont!
Missing character: There is no 进 in font nullfont!
Missing character: There is no 行 in font nullfont!
Missing character: There is no 下 in font nullfont!
Missing character: There is no 一 in font nullfont!
Missing character: There is no 层 in font nullfont!
Missing character: There is no 。 in font nullfont!

Overfull \hbox (20.0pt too wide) in paragraph at lines 37--39
[]
 []


! LaTeX Error: Missing \begin{document}.

See the LaTeX manual or LaTeX Companion for explanation.
Type  H <return>  for immediate help.
 ...                                              
                                                  
l.40 6
      .调试
You're in trouble here.  Try typing  <return>  to proceed.
If that doesn't work, type  X <return>  to quit.

Missing character: There is no 6 in font nullfont!
Missing character: There is no . in font nullfont!
Missing character: There is no 调 in font nullfont!
Missing character: There is no 试 in font nullfont!
)
! Emergency stop.
<*> biji.tex
            
*** (job aborted, no legal \end found)

 
Here is how much of TeX's memory you used:
 4 strings out of 493007
 30 string characters out of 6136718
 61820 words of memory out of 5000000
 4075 multiletter control sequences out of 15000+600000
 3640 words of font info for 14 fonts, out of 8000000 for 9000
 1348 hyphenation exceptions out of 8191
 5i,0n,4p,131b,14s stack positions out of 5000i,500n,10000p,200000b,80000s
No pages of output.
