16
239
3.75666			3.97584
3.71895			3.97092
3.68114			3.9645
3.6428			3.95718
3.54279			3.93757
3.43928			3.9191
3.33481			3.90503
3.23191			3.89861
3.13314			3.9031
3.04102			3.92177
2.95811			3.95789
2.9026			3.99814
2.85217			4.04776
2.8052			4.10427
2.76006			4.16519
2.7151			4.22805
2.66872			4.29036
2.61926			4.34965
2.57864			4.39143
2.53548			4.42983
2.48997			4.46466
2.44229			4.49574
2.39263			4.52289
2.34118			4.54592
2.30946			4.55711
2.2981			4.52887
2.26846			4.40432
2.25439			4.24914
2.26387			4.09336
2.29591			3.93715
2.32686			3.83882
2.36294			3.7449
2.40065			3.65995
2.42984			3.60369
2.46955			3.54715
2.53136			3.48259
2.5426			3.47215
2.55115			3.46341
2.55358			3.4584
2.54815			3.45836
2.53718			3.46166
2.52366			3.46649
2.40267			3.50406
2.30643			3.52169
2.21675			3.5281
2.09463			3.53024
1.96278			3.52549
1.82935			3.51088
1.70875			3.48605
1.59306			3.45055
1.48142			3.40501
1.44735			3.38748
1.46744			3.36684
1.51336			3.32808
1.56012			3.29482
1.60438			3.26625
1.62429			3.28511
1.70742			3.35318
1.76384			3.3911
1.82286			3.42356
1.88415			3.4496
1.94167			3.46719
2.00121			3.47967
2.06319			3.48803
2.11784			3.49175
2.171			3.48844
2.21909			3.47333
2.26447			3.43789
2.30032			3.38815
2.32846			3.33144
2.35649			3.25536
2.376			3.1793
2.38876			3.10262
2.39842			2.98582
2.39886			2.86733
2.39204			2.74824
2.37701			2.60957
2.35485			2.4728
2.32564			2.33917
2.29941			2.2424
2.28031			2.18181
2.30781			2.17385
2.41074			2.14986
2.51179			2.12687
2.62182			2.09735
2.72636			2.06371
2.82773			2.02601
2.92826			1.98428
3.03026			1.93857
3.13608			1.88892
3.24804			1.83538
3.31064			1.80512
3.37283			1.77324
3.43178			1.73923
3.48467			1.70258
3.52868			1.66276
3.54135			1.6457
3.54311			1.68591
3.54647			1.72164
3.55429			1.73515
3.56397			1.72537
3.57619			1.70375
3.58962			1.67711
3.65648			1.56439
3.7272			1.48362
3.80869			1.42232
3.88636			1.3799
3.97217			1.3454
3.99411			1.33975
4.01199			1.34353
4.03939			1.34899
4.08895			1.35821
4.1383			1.36733
4.18715			1.37735
4.23518			1.38925
4.2821			1.40402
4.32761			1.42264
4.3714			1.4461
4.39633			1.4626
4.42015			1.48102
4.44248			1.50123
4.46293			1.52311
4.48109			1.54654
4.49658			1.5714
4.509			1.59755
4.52031			1.63407
4.52595			1.67215
4.52637			1.7113
4.52201			1.751
4.51331			1.79073
4.50071			1.83
4.48467			1.86829
4.47557			1.8867
4.46573			1.90451
4.45512			1.9215
4.44375			1.93744
4.43159			1.95209
4.41864			1.96524
4.40488			1.97665
4.38888			1.98695
4.3717			1.99507
4.35317			2.0012
4.33307			2.00551
4.31121			2.00817
4.2874			2.00937
4.26144			2.00929
4.20026			2.00577
4.13471			1.99943
4.07082			1.99237
4.01461			1.98668
3.97208			1.98446
3.94925			1.98779
3.95213			1.99878
3.95891			2.00391
3.96816			2.00973
3.97942			2.01604
3.99225			2.02262
4.0062			2.02929
4.02079			2.03582
4.0356			2.04201
4.07804			2.05736
4.11862			2.069
4.15767			2.07792
4.19551			2.08514
4.23246			2.09167
4.26886			2.09852
4.30502			2.1067
4.36283			2.12425
4.42046			2.14721
4.4775			2.17498
4.53352			2.20701
4.58813			2.24271
4.6409			2.28152
4.69143			2.32286
4.72868			2.35622
4.76426			2.39077
4.79808			2.42655
4.83006			2.46358
4.8601			2.5019
4.88814			2.54154
4.91407			2.58251
4.9386			2.6272
4.93379			2.6451
4.89238			2.74806
4.88808			2.75581
4.86553			2.67854
4.83317			2.60225
4.79272			2.5321
4.74444			2.46719
4.68914			2.40762
4.62764			2.35348
4.56078			2.30488
4.48936			2.26192
4.4142			2.22468
4.32557			2.18962
4.2343			2.16269
4.14152			2.14453
4.04832			2.13579
3.95581			2.13713
3.86511			2.14918
3.77732			2.17259
3.69316			2.20785
3.61357			2.25397
3.53909			2.30969
3.47024			2.37378
3.40753			2.445
3.35151			2.5221
3.3027			2.60384
3.24541			2.72884
3.20471			2.85935
3.18085			2.99368
3.17981			3.01471
3.13564			3.06624
3.06363			3.12753
2.99066			3.17786
2.93113			3.22086
2.92095			3.24369
2.93987			3.24463
2.969			3.24162
3.00191			3.23714
3.07177			3.22991
3.13296			3.22943
3.18216			3.23576
3.18456			3.26712
3.2126			3.40286
3.2584			3.53571
3.29152			3.6073
3.3301			3.67597
3.37406			3.74019
3.42334			3.79844
3.47785			3.84919
3.53754			3.89094
3.60231			3.92215
3.65479			3.93809
3.70954			3.94769
3.76593			3.95154
3.7669			3.95152
3.76938			3.97101
3.76925			3.97679

19
1.3939			2.70208
1.35426			2.65664
1.31887			2.61116
1.28714			2.56697
1.26983			2.52052
1.24887			2.45286
1.23215			2.38407
1.22243			2.33124
1.2193			2.30898
1.23746			2.32806
1.2724			2.36931
1.2835			2.38374
1.28634			2.3985
1.30882			2.47474
1.33644			2.5501
1.36709			2.62552
1.38401			2.66564
1.40178			2.70471
1.40753			2.71571

14
1.14264			2.37284
1.11671			2.34374
1.09266			2.31787
1.09168			2.30592
1.08327			2.23285
1.07944			2.20829
1.07512			2.18103
1.07334			2.16822
1.09641			2.18985
1.13391			2.22475
1.13755			2.25843
1.14265			2.30365
1.15045			2.36622
1.15262			2.38461

27
0.756247			1.96423
0.722296			1.91478
0.713771			1.90006
0.725117			1.89439
0.776096			1.87615
0.822182			1.85786
0.829845			1.85331
0.833865			1.8633
0.866355			1.9257
0.864286			1.92697
0.850545			1.9351
0.841227			1.94482
0.838014			1.95816
0.839037			1.9743
0.841784			1.99154
0.847217			2.04309
0.848044			2.07253
0.833185			2.05684
0.796468			2.01491
0.802708			1.98675
0.806098			1.97796
0.808539			1.97045
0.808461			1.96581
0.802793			1.96573
0.792816			1.97055
0.781583			1.97712
0.770992			1.98295

20
0.656635			1.79314
0.627286			1.7298
0.598118			1.66626
0.567528			1.60365
0.533911			1.5431
0.495664			1.48573
0.467023			1.45129
0.481303			1.45165
0.513699			1.45735
0.54441			1.4684
0.573015			1.48533
0.598441			1.50715
0.620213			1.53274
0.641982			1.5688
0.657756			1.60784
0.668117			1.64865
0.673591			1.69081
0.674095			1.73331
0.669633			1.77591
0.663388			1.8066

193
1.73708			0.171318
1.84657			0.132578
1.95276			0.100225
2.05655			0.0731023
2.15884			0.0500543
2.26051			0.0299246
2.32472			0.018354
2.3611			0.0300397
2.42681			0.0613437
2.50369			0.114363
2.5716			0.179631
2.63021			0.25438
2.65465			0.291373
2.67931			0.32754
2.70651			0.360596
2.78206			0.418017
2.87047			0.461801
2.96036			0.505244
3.03065			0.550047
3.09492			0.602176
3.15429			0.659633
3.19939			0.708838
3.24203			0.760302
3.28219			0.814107
3.3058			0.849064
3.32679			0.885404
3.34352			0.923564
3.35241			0.955612
3.35112			0.956876
3.33402			0.977863
3.3198			1.00007
3.30945			1.02239
3.30837			1.02663
3.30609			1.01932
3.26498			0.932479
3.21435			0.851243
3.1591			0.778976
3.09819			0.71103
3.03181			0.645293
2.97657			0.594717
2.92065			0.547508
2.86658			0.506975
2.84151			0.490323
2.81394			0.472662
2.78037			0.450707
2.7711			0.444637
2.76298			0.440194
2.75773			0.439461
2.7568			0.445626
2.76033			0.457077
2.76559			0.470056
2.77714			0.497926
2.78631			0.520806
2.79807			0.550555
2.80384			0.565437
2.80791			0.577908
2.80746			0.58276
2.80416			0.58035
2.79926			0.574997
2.79378			0.56828
2.76796			0.531358
2.75007			0.499011
2.73406			0.468486
2.70581			0.424088
2.67182			0.37912
2.63492			0.334915
2.58611			0.280558
2.53552			0.230041
2.48155			0.183696
2.44607			0.157522
2.40876			0.13372
2.36965			0.112964
2.33547			0.0983333
2.30024			0.0865062
2.26418			0.0776612
2.23238			0.0725365
2.20027			0.0698672
2.16804			0.0697309
2.13521			0.0722278
2.10267			0.0771877
2.07067			0.0843536
1.99512			0.10978
1.92253			0.144099
1.85125			0.184507
1.80109			0.2153
1.75277			0.246814
1.7083			0.278118
1.67633			0.302418
1.64247			0.328488
1.60121			0.358797
1.59025			0.366686
1.5814			0.373994
1.57745			0.379769
1.58504			0.384662
1.60427			0.386702
1.62708			0.38937
1.65098			0.396463
1.67034			0.40338
1.68728			0.40379
1.69773			0.398338
1.70811			0.389617
1.71851			0.379587
1.763			0.342519
1.80872			0.312727
1.85546			0.285983
1.91339			0.253404
1.9733			0.222619
2.03599			0.197156
2.09358			0.181844
2.15251			0.174829
2.21134			0.1776
2.25785			0.187695
2.30276			0.204096
2.34548			0.225752
2.38109			0.248564
2.41443			0.27439
2.44545			0.302943
2.4885			0.351578
2.5257			0.405014
2.5569			0.462271
2.57564			0.505659
2.59079			0.55029
2.60201			0.595911
2.61266			0.690184
2.61106			0.785784
2.60241			0.881026
2.59673			0.930784
2.59112			0.980538
2.58619			1.03085
2.58519			1.04405
2.55521			1.03137
2.48495			0.998935
2.41503			0.965451
2.34506			0.932244
2.2761			0.901318
2.23876			0.841223
2.18954			0.78072
2.13377			0.725622
2.07321			0.675522
2.0189			0.636502
1.96244			0.601058
1.90386			0.569425
1.82124			0.532905
1.73558			0.50357
1.64769			0.48116
1.54772			0.464144
1.44679			0.456029
1.34576			0.457386
1.27174			0.464639
1.19829			0.476744
1.12558			0.493108
1.06514			0.509869
1.00572			0.529665
0.947703			0.552937
0.886047			0.582643
0.826062			0.615867
0.767289			0.651429
0.682336			0.706448
0.60013			0.765209
0.521784			0.828935
0.459905			0.886969
0.402345			0.949336
0.349929			1.01601
0.314693			1.06852
0.283191			1.12335
0.255842			1.18044
0.242219			1.21422
0.239266			1.22289
0.215703			1.19842
0.182862			1.15767
0.211204			1.08544
0.264813			0.988737
0.31874			0.911139
0.379039			0.839026
0.445327			0.772655
0.518393			0.711167
0.596138			0.655392
0.677441			0.604831
0.802822			0.538296
0.932538			0.480649
1.06555			0.430363
1.17685			0.395124
1.29117			0.37269
1.41002			0.37193
1.43192			0.374348
1.4532			0.375181
1.47305			0.371849
1.49109			0.362484
1.50767			0.34874
1.52361			0.333124
1.61599			0.25328
1.7128			0.18511
1.72891			0.174577

21
3.34731			1.10083
3.3711			1.10872
3.39554			1.11657
3.40408			1.1201
3.40455			1.12105
3.41517			1.14254
3.44507			1.22081
3.44736			1.22907
3.44739			1.23106
3.44956			1.24132
3.45153			1.24412
3.46737			1.30132
3.46783			1.30309
3.45556			1.28797
3.41522			1.24469
3.38497			1.2157
3.35404			1.18922
3.34617			1.18336
3.34406			1.16352
3.3345			1.11043
3.32889			1.09244

15
0.951838			2.04513
0.998048			2.09523
1.04671			2.14325
1.04731			2.14381
1.04362			2.15091
1.03377			2.16266
1.02248			2.16849
1.00459			2.16546
0.986137			2.15269
0.969551			2.13473
0.950362			2.10303
0.938757			2.07093
0.930901			2.03975
0.925306			2.01545
0.924673			2.0112

43
4.38611			2.97092
4.3752			2.98269
4.35859			2.99623
4.33857			3.01138
4.31742			3.02794
4.29745			3.04574
4.26872			3.08079
4.24831			3.11835
4.23303			3.15741
4.22439			3.18306
4.15072			3.17445
4.03596			3.13933
4.01767			3.12964
4.02239			3.12547
4.03981			3.11712
4.05803			3.1151
4.07556			3.12071
4.08877			3.13134
4.10076			3.14381
4.11182			3.15375
4.12226			3.15679
4.13195			3.15005
4.1398			3.13617
4.14428			3.11905
4.14385			3.10258
4.1346			3.08693
4.11778			3.07761
4.09663			3.07326
4.07439			3.07255
4.04293			3.07637
4.01538			3.08573
3.99042			3.10056
3.97986			3.1096
3.92938			3.08284
3.91968			3.0752
3.9242			3.06822
3.95973			3.03214
4.00526			3.00229
4.06315			2.97805
4.15083			2.95552
4.24378			2.942
4.32518			2.93902
4.37823			2.94815

30
4.43821			2.9217
4.41255			2.89352
4.39602			2.85232
4.38648			2.80192
4.38178			2.74616
4.3798			2.68887
4.3793			2.65345
4.38044			2.61987
4.38464			2.58901
4.39329			2.5618
4.40782			2.53913
4.42689			2.52306
4.45072			2.51103
4.4781			2.50258
4.50781			2.49726
4.53863			2.49463
4.58064			2.49486
4.62107			2.49989
4.65857			2.51033
4.69178			2.52679
4.71934			2.54989
4.74016			2.58007
4.75351			2.6158
4.75901			2.65529
4.7563			2.69675
4.74501			2.7384
4.70159			2.81178
4.63788			2.87313
4.5652			2.91613
4.49487			2.93443

60
4.05722			2.89633
4.0428			2.89817
4.02611			2.89612
4.00844			2.89065
3.99109			2.88222
3.97537			2.8713
3.95932			2.8546
3.94759			2.83543
3.93982			2.81456
3.93564			2.79278
3.9347			2.77087
3.93654			2.75007
3.94083			2.72974
3.9473			2.70977
3.95568			2.69002
3.96571			2.67036
3.97599			2.65203
3.98538			2.63349
3.99179			2.61457
3.99312			2.59509
3.98729			2.57489
3.9825			2.56637
3.97711			2.55815
3.97213			2.55067
3.96853			2.54439
3.96732			2.53975
3.97205			2.53622
3.98356			2.53643
3.9994			2.53841
4.01711			2.54016
4.03423			2.53968
4.05009			2.53497
4.06323			2.52691
4.07455			2.51717
4.08496			2.50745
4.09539			2.49943
4.11371			2.49289
4.13438			2.49331
4.15741			2.49898
4.18281			2.50824
4.21058			2.5194
4.24839			2.53406
4.28542			2.54824
4.31707			2.56111
4.33875			2.57182
4.34586			2.57954
4.33467			2.58399
4.30832			2.58628
4.27231			2.58837
4.23217			2.59222
4.19341			2.5998
4.15975			2.61313
4.13303			2.63217
4.11292			2.65661
4.09909			2.68615
4.09119			2.72047
4.08831			2.76398
4.08803			2.80828
4.0858			2.84841
4.07705			2.87941

32
3.69441			2.83586
3.68891			2.77719
3.69079			2.73112
3.69849			2.68989
3.71106			2.6524
3.72756			2.61751
3.74705			2.58413
3.7869			2.52716
3.83469			2.47509
3.89204			2.43167
3.96055			2.40064
4.04183			2.38574
4.12463			2.38782
4.20802			2.40061
4.2811			2.41893
4.33296			2.4376
4.35268			2.45144
4.33109			2.4569
4.27455			2.456
4.19549			2.45344
4.10634			2.45386
4.01952			2.46195
3.93702			2.48495
3.87201			2.52397
3.8233			2.57945
3.78975			2.65183
3.7702			2.74155
3.76386			2.81273
3.76106			2.88334
3.7597			2.92721
3.75479			2.9219
3.69576			2.8428

24
4.44764			2.87375
4.47167			2.87972
4.49753			2.8751
4.52449			2.86321
4.55187			2.8474
4.57676			2.83148
4.5984			2.81437
4.61381			2.79538
4.62			2.77384
4.61502			2.74984
4.60099			2.72629
4.581			2.70685
4.55817			2.69517
4.52987			2.69497
4.50219			2.70754
4.47539			2.72838
4.44971			2.75302
4.43519			2.76801
4.42284			2.7832
4.41431			2.79906
4.41128			2.81605
4.41439			2.83279
4.42233			2.84915
4.43384			2.86338

15
4.50401			2.83046
4.4877			2.81967
4.47653			2.80224
4.47186			2.78167
4.47364			2.76497
4.48029			2.75001
4.49145			2.73826
4.51147			2.72974
4.53371			2.72958
4.55338			2.73819
4.56696			2.75657
4.57123			2.78006
4.56528			2.80328
4.54899			2.82151
4.52674			2.83142

8
1.66292			2.92912
1.67537			2.88764
1.67804			2.86754
1.7068			2.88883
1.7275			2.89866
1.7042			2.95692
1.70062			2.96163
1.66281			2.92924

63
2.00424			0.303511
2.01912			0.34131
2.03653			0.375098
2.05955			0.411365
2.10855			0.476419
2.16373			0.52488
2.21091			0.519095
2.2143			0.514607
2.21731			0.509666
2.21974			0.504586
2.22276			0.485916
2.21863			0.465789
2.21147			0.440164
2.20497			0.405807
2.20382			0.37719
2.21215			0.370898
2.21459			0.373003
2.21719			0.375789
2.21975			0.378942
2.23181			0.402114
2.23748			0.426652
2.24162			0.451401
2.25367			0.490264
2.2716			0.527523
2.29249			0.564093
2.32225			0.614639
2.35265			0.663598
2.38426			0.708948
2.42201			0.753669
2.46653			0.795698
2.52237			0.839247
2.53031			0.84482
2.53764			0.849048
2.54352			0.850496
2.54909			0.843095
2.54942			0.826201
2.54748			0.805388
2.54401			0.732271
2.54563			0.674894
2.54529			0.621757
2.53645			0.560831
2.51769			0.497291
2.48906			0.436585
2.46641			0.402654
2.44003			0.37244
2.40995			0.346481
2.38837			0.331842
2.36595			0.318248
2.34342			0.304685
2.31887			0.288989
2.29404			0.273915
2.26787			0.26129
2.2328			0.251083
2.19643			0.246574
2.16115			0.24693
2.12964			0.250761
2.09708			0.25589
2.05925			0.259948
2.03326			0.26166
2.01094			0.266219
1.99943			0.277744
1.99929			0.285465
2.00124			0.294326

