18

17
4.934051522642032 3.522347607988224
4.8293538 3.5108799
4.7087535 3.4860535
4.688568478597767 3.479859178255368
4.6937902 3.4743116
4.7494582 3.40544
4.760574020840399 3.388906876555537
4.763835 3.3910988
4.822865 3.4235575
4.884150500000001 3.4495982
4.9416717 3.467191
4.973154413166812 3.473790956830691
4.9730932 3.4740473
4.9667906 3.4878585
4.9580374 3.5006587
4.9472219 3.5121311
4.9347324 3.5219588

31
4.204577431981909 3.237170740238498
4.1396564 3.1863817
4.066295898055215 3.117745767643747
4.0755586 3.1207122
4.0887739 3.1313358
4.1007617 3.1438105
4.1118225 3.1537549
4.1222572 3.1567872
4.1319513 3.1500524
4.1398 3.1361736
4.1442765 3.1190497
4.1438537 3.1025795
4.1346036 3.0869339
4.1177836 3.0776065
4.0966327 3.0732579
4.0743901 3.0725487
4.0429345 3.0763702
4.031293491427726 3.080323674346491
3.99127444 3.0369241
3.97788349827426 3.020236374121235
4.0052566 3.0022925
4.050963334564109 2.983155464357936
4.0653965 2.9996221
4.0948694 3.030723
4.1246165 3.0608843
4.1535119 3.0897147
4.1789798 3.1152068
4.205432 3.1417265
4.230041626980491 3.166285348559158
4.2197013 3.1969721
4.2051281 3.2360328

9
4.516083883186466 2.928910626994607
4.5055303 2.9197923
4.468151227254476 2.878846338440843
4.4716743 2.8797218
4.4975257 2.875098
4.518994582518714 2.865635116539393
4.5291555 2.8766029
4.567540380588555 2.914744374683007
4.5651993 2.9161294

15
4.681876567129234 2.830756988513794
4.6826533 2.7572389
4.6732639 2.6853778
4.6581275 2.6170947
4.63683 2.5294515
4.630287767444151 2.502455973952742
4.6585746 2.5103312
4.6917811 2.5267945
4.69998148733222 2.533668814063792
4.7071517 2.5751503
4.7156304 2.6371831
4.7226406 2.6997784
4.7289062 2.7635883
4.729032761618686 2.765395923315546
4.7015851 2.8117763

14
4.412801653577076 2.807534130953524
4.4120901 2.8065724
4.3868037 2.7688611
4.383175182399739 2.762690674236966
4.3817843 2.7461595
4.3798027 2.6888712
4.37931731958493 2.654515985861215
4.3840084 2.6656367
4.4017806 2.7047119
4.4209936 2.7414331
4.437101537458501 2.766033493969652
4.4351915 2.7680055
4.4228373 2.7831992
4.4143119 2.7990604

16
4.088305782127319 2.764046775178159
4.0621845 2.7582284
4.0305206 2.7327564
4.0017988 2.7000913
3.97268043 2.6650057
3.970367942747985 2.662059290967012
3.9759902 2.6520291
3.9853782 2.633489
3.9917857 2.6145691
3.991907681143265 2.612790776014249
4.0140794 2.6441379
4.0496102 2.6823107
4.0742988 2.703995
4.092253660236208 2.715864333675063
4.0911938 2.7204695
4.0883062 2.7639799

10
3.777294763853396 2.708983371482392
3.76116425 2.6720505
3.74416547 2.6285305
3.73554766713264 2.603831459047441
3.7470474 2.5841279
3.7868969 2.5271561
3.788318991161586 2.525606880465026
3.79122453 2.5344478
3.814801866348231 2.597787529252688
3.7897522 2.6518298

14
4.121712651925421 2.645930115482643
4.1211449 2.6403373
4.1138492 2.5742713
4.1084647 2.5186588
4.106560667268725 2.495442200293045
4.1137072 2.492894
4.1343792 2.4933069
4.1574116 2.4989829
4.163201032311366 2.501093210499429
4.1643873 2.5403697
4.1641624 2.5909329
4.16378647288137 2.611530297486107
4.1597452 2.6131309
4.1330287 2.6321727

9
4.294643458720186 2.587073276772229
4.294593 2.586957
4.279284848870452 2.545892768694387
4.2854226 2.5482432
4.3170745 2.5611067
4.3387534 2.5718183
4.3458638 2.5795432
4.334672 2.5839924
4.3083164 2.5862802

8
3.882059581743582 2.517936556138628
3.86664373 2.4757244
3.860963456142751 2.455197974521665
3.8920366 2.4316715
3.906737660182051 2.425012747647721
3.90814475 2.4294459
3.92405773 2.4730656
3.930518760743157 2.488854325936901

7
4.303433639646529 2.456459221081401
4.2745523 2.4560036
4.249597361054787 2.455193093284909
4.2488735 2.4528555
4.237995111320555 2.408122714037721
4.2811012 2.4189287
4.293705910475309 2.423467160008223

7
4.103265422859332 2.454147436792879
4.098347506918924 2.387159105252291
4.1246297 2.3878197
4.153518102359887 2.392250143916291
4.1578066 2.4286404
4.159855047227663 2.453605835447252
4.1063409 2.453861

9
4.672176726112435 2.392683703503265
4.6276448 2.353482
4.588566428439541 2.325079982357086
4.5790027 2.2823546
4.565969751511464 2.228223819691473
4.5881302 2.2427133
4.640904 2.2815226
4.649054273647455 2.288191011577133
4.6592519 2.3335888

187
3.668006783908342 2.222427030602408
3.66704223 2.1882811
3.66635241 2.1379434
3.66768168 2.0858866
3.6726266 2.0271919
3.67329946 2.0202407
3.67305561 2.0140384
3.67091479 2.009475
3.66701708 2.0073378
3.66174407 2.0064751
3.65586939 2.0062728
3.64077117 2.0064412
3.62719085 2.0081893
3.6154272 2.0127681
3.60343618 2.0237527
3.59428392 2.0390099
3.58743203 2.0562963
3.57803396 2.0937545
3.57206693 2.13026
3.56472581 2.1658613
3.55004823 2.2051452
3.52895627 2.2424963
3.50302054 2.2770874
3.46866941 2.3126755
3.42999334 2.3429632
3.3870405 2.3674426
3.34976272 2.3822371
3.31094803 2.3909996
3.27177432 2.3917533
3.24523944 2.3868377
3.21949183 2.3780095
3.19493146 2.366079
3.15597757 2.3400137
3.12126202 2.3084585
3.090269925 2.2727861
3.060822007 2.2310627
3.036735684 2.186433
3.019644752 2.1391789
3.011215492 2.094878
3.0085662064 2.049507
3.010529168 2.0038817
3.018954050719909 1.943634153177902
3.030265 1.9385656
3.1360846 1.8889192
3.2480406 1.8353832
3.3106399 1.8051178
3.3728289 1.773239
3.4317823 1.7392306
3.4846746 1.7025763
3.5286802 1.6627599
3.5609739 1.6192652
3.57873 1.5715758
3.5807774 1.526831
3.572613984574379 1.485095034481752
3.57301452 1.4853321
3.59844114 1.5071544
3.62021309 1.5327374
3.64198216 1.5687984
3.65775644 1.6078389
3.66811663 1.6486548
3.6735911 1.6908142
3.67409476 1.7333142
3.66963275 1.7759077
3.66288045 1.8090939
3.65434109 1.8415371
3.6452723 1.8725883
3.64084175 1.8880261
3.63692952 1.9042384
3.63386161 1.9225384
3.63332475 1.9275101
3.63324743 1.9320284
3.63401514 1.9354248
3.64002075 1.9372366
3.65028984 1.9328369
3.66241333 1.9257233
3.72511688 1.8943935
3.77609553 1.8761518
3.8221824 1.8578632
3.86012975 1.8352968
3.89819925 1.8060781
3.93521861 1.7723442
3.96768458 1.7391834
3.99830796 1.7069976
4.027149 1.6787983
4.0449943 1.6630194
4.0633469 1.6440755
4.0834272 1.6159039
4.0964716 1.593403
4.1070087 1.5754583
4.1114224 1.5723757
4.1108389 1.5769672
4.1092686 1.58387
4.1071506 1.591711
4.0955111 1.6245998
4.082495 1.6517542
4.0691495 1.6771334
4.0589853 1.697363
4.0473519 1.718054
4.0323612 1.738392
4.0277355 1.7436963
4.0239068 1.7490319
4.0220482 1.7545135
4.0229686 1.7602759
4.0259279 1.7662102
4.0297628 1.7722226
4.0473888 1.8054145
4.0592616 1.8385449
4.0684702 1.8720436
4.0764632 1.9022679
4.0844458 1.9329269
4.0920747 1.96383
4.098819671681044 1.995467704516221
4.0708242 1.9923735
4.014609 1.9866828
3.9720792 1.9844574
3.9492486 1.9877921
3.9521309 1.9987816
3.9589071 2.0039089
3.9681558 2.0097292
3.9794228 2.0160364
3.9922542 2.0226241
4.0061961 2.0292861
4.0207944 2.0358162
4.0355952 2.0420082
4.0780393 2.057363
4.11262543939366 2.067277783627904
4.1182074 2.0999503
4.124057796883148 2.142891899259806
4.069144222967062 2.137745165788622
4.0681606 2.1303891
4.0656469 2.1180002
4.0623447 2.1136746
4.0593937 2.1174499
4.0559517 2.1252439
4.0520893 2.1346285
4.051336051036052 2.136076108249625
4.0483154 2.135793
3.971551656303641 2.136900412744855
3.96955071 2.1347347
3.95036227 2.1030275
3.93875697 2.070932
3.93090087 2.039746
3.92530619 2.0154526
3.92139799 1.9892037
3.9209179 1.957607
3.92362163 1.9251174
3.92507367 1.8971964
3.92005428 1.8851212
3.91028947 1.8906308
3.89633942 1.9034973
3.87991916 1.9173893
3.86428642 1.92697
3.85054509 1.9350984
3.84122716 1.944823
3.83801436 1.9581576
3.83903717 1.974296
3.84178371 1.9915361
3.8472166 2.0430907
3.84856709 2.0911408
3.84953293 2.1381108
3.850831084820069 2.152987067918947
3.806817928928396 2.164726325955241
3.80643289 2.159365
3.80120341 2.1123999
3.79455284 2.0738431
3.79235181 2.0334851
3.80270789 1.9867539
3.80609849 1.9779637
3.80853888 1.9704474
3.80846121 1.9658059
3.80279299 1.9657268
3.79281573 1.9705508
3.78158291 1.9771162
3.76706064 1.9851153
3.75434594 1.9903668
3.74125587 1.9932763
3.73265552 1.9941559
3.72391357 1.9950202
3.71578232 1.9965307
3.69111935 2.0321619
3.69771597 2.0955408
3.71098668 2.1608406
3.7119984 2.1685971
3.71279595 2.1760594
3.71350641 2.1833889
3.715281580636518 2.198584982530336
3.6931591 2.2078533

8
4.257502410421613 2.169531829202954
4.2343022 2.1626855
4.204236806104833 2.156802018910964
4.2020625 2.1121356
4.201676707332377 2.086231914070805
4.2324633 2.0916726
4.256046138790296 2.096110606515109
4.2558393 2.1053715

5
4.458799802547072 2.165877332594397
4.456162 2.1663249
4.4276415 2.1576689
4.414409707458746 2.144796466415333
4.4204593 2.1472058

52
4.258446263154527 2.009116264907184
4.202751048661487 2.005914649778584
4.2034265 1.9840492
4.2109317 1.9132393
4.2257177 1.8444573
4.2336589 1.8187723
4.2425089 1.7931386
4.2518091 1.7671043
4.265818700000001 1.7295083
4.2840264 1.6946925
4.3106474 1.6671577
4.3214119 1.6607709
4.33301 1.6562367
4.34501 1.6542269
4.360672 1.6560325
4.3758779 1.6618608
4.390222899999999 1.6702769
4.4163494 1.691745
4.4382411 1.7168612
4.4571366 1.7442886
4.4917493 1.8067239
4.501276328732329 1.828243771635829
4.5007127 1.830001
4.4846662 1.8682883
4.4755704 1.8866952
4.465726 1.9045081
4.4551216 1.9214981
4.4437461 1.9374366
4.4315881 1.9520946
4.4186364 1.9652436
4.4048797 1.9766546
4.3888776 1.9869495
4.3717049 1.9950716
4.3531661 2.001198
4.345111701218515 2.002924188747917
4.3430757 1.9957234
4.3323356 1.9496208
4.3228259 1.9033478
4.314451 1.8604513
4.3116999 1.845539
4.3097696 1.8291688
4.3093348 1.8089116
4.3107628 1.7803607
4.3112866 1.7562299
4.307124 1.7493141
4.3036593 1.7534837
4.299544 1.7604442
4.2953487 1.7686591
4.2823873 1.8009634
4.275127700000001 1.8303964
4.2709115 1.8588965
4.2628423 1.9376993

52
3.275937740665597 1.138488449268935
3.2566144 1.1289075
3.2223903 1.1165155
3.200894005568422 1.111711530900793
3.2112043 1.0854366
3.26481321 0.98873735
3.31874037 0.9111388
3.37903901 0.83902554
3.4453272 0.77265504
3.51839285 0.7111672999999999
3.59613846 0.65539171
3.67744081 0.60483095
3.80282249 0.53829649
3.93253806 0.48064876
4.0655506 0.43036281
4.176848 0.39512428
4.2911709 0.37269022
4.4100212 0.37192993
4.431922399999999 0.37434815
4.4532041 0.37518092
4.4730507 0.37184881
4.477189436397382 0.3697007076845615
4.4862126 0.38533024
4.5129936 0.43897197
4.522542647119051 0.4621199068153608
4.4467949 0.45602935
4.345757799999999 0.45738614
4.2717398 0.4646385
4.1982902 0.4767439
4.1255768 0.49310757
4.0651409 0.50986933
4.0057235 0.52966537
3.94770339 0.55293686
3.88604696 0.58264276
3.82606195 0.61586695
3.76728912 0.65142912
3.68233575 0.7064484599999999
3.60013014 0.76520858
3.52178435 0.8289353699999999
3.45990463 0.88696946
3.451643377994398 0.8959205375564128
3.4463227 0.89680386
3.4071351 0.91243522
3.3700955 0.93820995
3.3511211 0.95687603
3.3340214 0.97786335
3.319798 1.0000696
3.3094526 1.0223926
3.3039867 1.04373
3.3044021 1.0629795
3.310352351892366 1.076072614182792
3.28319129 1.1233475

